#
# A fatal error has been detected by the Java Runtime Environment:
#
#  SIGSEGV (0xb) at pc=0x00000001263fec1e, pid=14549, tid=0x0000000000002703
#
# JRE version: Java(TM) SE Runtime Environment (8.0_151-b12) (build 1.8.0_151-b12)
# Java VM: Java HotSpot(TM) 64-Bit Server VM (25.151-b12 mixed mode bsd-amd64 compressed oops)
# Problematic frame:
# C  [libtesseract.dylib+0x13c1e]  _ZN9tesseract9Tesseract15recog_all_wordsEP8PAGE_RESP10ETEXT_DESCPK4TBOXPKci+0xa0
#
# Failed to write core dump. Core dumps have been disabled. To enable core dumping, try "ulimit -c unlimited" before starting Java again
#
# If you would like to submit a bug report, please visit:
#   http://bugreport.java.com/bugreport/crash.jsp
# The crash happened outside the Java Virtual Machine in native code.
# See problematic frame for where to report the bug.
#

---------------  T H R E A D  ---------------

Current thread (0x00007fe912807000):  JavaThread "main" [_thread_in_native, id=9987, stack(0x0000700002317000,0x0000700002417000)]

siginfo: si_signo: 11 (SIGSEGV), si_code: 1 (SEGV_MAPERR), si_addr: 0x000000000000000c

Registers:
RAX=0x0000000000000000, RBX=0x00007fe913b34ef0, RCX=0x0000000000000000, RDX=0x00007fe913b3b950
RSP=0x00007000024156b0, RBP=0x0000700002415820, RSI=0x0000000000000000, RDI=0x0000700002415778
R8 =0x0000000000000000, R9 =0x0000000000000000, R10=0x00000000000003ff, R11=0x00000000000bf1f0
R12=0x0000000000000000, R13=0x0000000000000000, R14=0x0000000000000000, R15=0x000000012360b000
RIP=0x00000001263fec1e, EFLAGS=0x0000000000010246, ERR=0x0000000000000004
  TRAPNO=0x000000000000000e

Top of Stack: (sp=0x00007000024156b0)
0x00007000024156b0:   00007fe913b39380 00007fe913b34ef0
0x00007000024156c0:   0000000000000000 0000000000000000
0x00007000024156d0:   0000000000000000 00007fe913b39fc0
0x00007000024156e0:   00007fe911570950 00007fe911570920
0x00007000024156f0:   00007fe913b3c460 00007fe913b3b950
0x0000700002415700:   00007fe911570920 00007fe913b34ef8
0x0000700002415710:   00007fe911570920 00007fe911570920
0x0000700002415720:   00007fe911570920 00007fe913a70000
0x0000700002415730:   00007fe911570920 00007fe911570900
0x0000700002415740:   00007fe911570948 00007fe911570950
0x0000700002415750:   00007fe913b3b950 00007fe913b3c730
0x0000700002415760:   00007fe911570000 00007fe911570950
0x0000700002415770:   0000700002415801 00007fe913b3b970
0x0000700002415780:   00007fe913b3c460 00007fe913b3b980
0x0000700002415790:   00007fe913b3c460 00007fe913b30000
0x00007000024157a0:   00007fe913b3c460 00000001263ed901
0x00007000024157b0:   00007fe911443a30 00000001265a2013
0x00007000024157c0:   000000012360b150 00007fe911461980
0x00007000024157d0:   00007fe911461980 000000012360b000
0x00007000024157e0:   0000000000000000 0000000000000000
0x00007000024157f0:   0000700002415820 0000700002415801
0x0000700002415800:   00007fe911461980 000000012360b000
0x0000700002415810:   00000000ffffffff 0000000000000000
0x0000700002415820:   0000700002415890 00000001263ef584
0x0000700002415830:   00007000024158b0 000000011215f040
0x0000700002415840:   00007000024158b0 000000011215f040
0x0000700002415850:   0000000000000016 0000000000000000
0x0000700002415860:   0100000797649788 00007fe911461980
0x0000700002415870:   0000000000000008 0000000000000001
0x0000700002415880:   0000000000000000 0000700002415a00
0x0000700002415890:   00007000024158c0 00000001263ee4dd
0x00007000024158a0:   0000000000000000 0000000000000001 

Instructions: (pc=0x00000001263fec1e)
0x00000001263febfe:   83 bf 90 15 00 00 00 7e 0d 4d 89 f4 4c 89 ff e8
0x00000001263fec0e:   be cf 0b 00 eb 18 4d 89 f4 49 8b 87 38 0a 00 00
0x00000001263fec1e:   80 78 0c 00 74 08 4c 89 ff e8 18 d0 0b 00 48 89
0x00000001263fec2e:   5d d0 41 83 bf e8 47 02 00 00 7e 3e 31 db 49 8b 

Register to memory mapping:

RAX=0x0000000000000000 is an unknown value
RBX=0x00007fe913b34ef0 is an unknown value
RCX=0x0000000000000000 is an unknown value
RDX=0x00007fe913b3b950 is an unknown value
RSP=0x00007000024156b0 is pointing into the stack for thread: 0x00007fe912807000
RBP=0x0000700002415820 is pointing into the stack for thread: 0x00007fe912807000
RSI=0x0000000000000000 is an unknown value
RDI=0x0000700002415778 is pointing into the stack for thread: 0x00007fe912807000
R8 =0x0000000000000000 is an unknown value
R9 =0x0000000000000000 is an unknown value
R10=0x00000000000003ff is an unknown value
R11=0x00000000000bf1f0 is an unknown value
R12=0x0000000000000000 is an unknown value
R13=0x0000000000000000 is an unknown value
R14=0x0000000000000000 is an unknown value
R15=0x000000012360b000 is an unknown value


Stack: [0x0000700002317000,0x0000700002417000],  sp=0x00007000024156b0,  free space=1017k
Native frames: (J=compiled Java code, j=interpreted, Vv=VM code, C=native code)
C  [libtesseract.dylib+0x13c1e]  _ZN9tesseract9Tesseract15recog_all_wordsEP8PAGE_RESP10ETEXT_DESCPK4TBOXPKci+0xa0
C  [libtesseract.dylib+0x4584]  _ZN9tesseract11TessBaseAPI9RecognizeEP10ETEXT_DESC+0x376
C  [libtesseract.dylib+0x34dd]  _ZN9tesseract11TessBaseAPI11GetUTF8TextEv+0x2b
C  [jna1983493483301917543.tmp+0xd94c]  ffi_call_unix64+0x4c
C  0x0000700002416350

Java frames: (J=compiled Java code, j=interpreted, Vv=VM code)
j  com.sun.jna.Native.invokePointer(JI[Ljava/lang/Object;)J+0
j  com.sun.jna.Function.invokePointer(I[Ljava/lang/Object;)Lcom/sun/jna/Pointer;+6
j  com.sun.jna.Function.invoke([Ljava/lang/Object;Ljava/lang/Class;Z)Ljava/lang/Object;+426
j  com.sun.jna.Function.invoke(Ljava/lang/Class;[Ljava/lang/Object;Ljava/util/Map;)Ljava/lang/Object;+262
j  com.sun.jna.Library$Handler.invoke(Ljava/lang/Object;Ljava/lang/reflect/Method;[Ljava/lang/Object;)Ljava/lang/Object;+316
j  com.sun.proxy.$Proxy0.TessBaseAPIGetUTF8Text(Lnet/sourceforge/tess4j/ITessAPI$TessBaseAPI;)Lcom/sun/jna/Pointer;+16
j  net.sourceforge.tess4j.Tesseract.getOCRText(Ljava/lang/String;I)Ljava/lang/String;+62
j  net.sourceforge.tess4j.Tesseract.doOCR(Ljava/util/List;Ljava/lang/String;Ljava/awt/Rectangle;)Ljava/lang/String;+69
j  net.sourceforge.tess4j.Tesseract.doOCR(Ljava/io/File;Ljava/awt/Rectangle;)Ljava/lang/String;+10
j  net.sourceforge.tess4j.Tesseract.doOCR(Ljava/io/File;)Ljava/lang/String;+3
j  detector.TesseractExample.main([Ljava/lang/String;)V+30
v  ~StubRoutines::call_stub

---------------  P R O C E S S  ---------------

Java Threads: ( => current thread )
  0x00007fe912a7b000 JavaThread "Java2D Disposer" daemon [_thread_blocked, id=44899, stack(0x0000700003450000,0x0000700003550000)]
  0x00007fe912ab3000 JavaThread "AWT-Shutdown" [_thread_blocked, id=25655, stack(0x00007000031c4000,0x00007000032c4000)]
  0x00007fe91193d000 JavaThread "AWT-AppKit" daemon [_thread_in_native, id=775, stack(0x00007ffee4fd0000,0x00007ffee57d0000)]
  0x00007fe912065000 JavaThread "Service Thread" daemon [_thread_blocked, id=14851, stack(0x0000700002f3b000,0x000070000303b000)]
  0x00007fe91185b800 JavaThread "C1 CompilerThread2" daemon [_thread_blocked, id=18435, stack(0x0000700002e38000,0x0000700002f38000)]
  0x00007fe91185b000 JavaThread "C2 CompilerThread1" daemon [_thread_blocked, id=18947, stack(0x0000700002d35000,0x0000700002e35000)]
  0x00007fe911807000 JavaThread "C2 CompilerThread0" daemon [_thread_blocked, id=14083, stack(0x0000700002c32000,0x0000700002d32000)]
  0x00007fe911804800 JavaThread "Signal Dispatcher" daemon [_thread_blocked, id=13827, stack(0x0000700002b2f000,0x0000700002c2f000)]
  0x00007fe911841800 JavaThread "Finalizer" daemon [_thread_blocked, id=20739, stack(0x0000700002a2c000,0x0000700002b2c000)]
  0x00007fe91300e000 JavaThread "Reference Handler" daemon [_thread_blocked, id=11779, stack(0x0000700002929000,0x0000700002a29000)]
=>0x00007fe912807000 JavaThread "main" [_thread_in_native, id=9987, stack(0x0000700002317000,0x0000700002417000)]

Other Threads:
  0x00007fe91183d000 VMThread [stack: 0x0000700002826000,0x0000700002926000] [id=11523]
  0x00007fe91200c000 WatcherThread [stack: 0x000070000303e000,0x000070000313e000] [id=17923]

VM state:not at safepoint (normal execution)

VM Mutex/Monitor currently owned by a thread: None

Heap:
 PSYoungGen      total 38400K, used 20254K [0x0000000795580000, 0x0000000798000000, 0x00000007c0000000)
  eden space 33280K, 45% used [0x0000000795580000,0x000000079644c9a0,0x0000000797600000)
  from space 5120K, 99% used [0x0000000797600000,0x0000000797afafb8,0x0000000797b00000)
  to   space 5120K, 0% used [0x0000000797b00000,0x0000000797b00000,0x0000000798000000)
 ParOldGen       total 87552K, used 8725K [0x0000000740000000, 0x0000000745580000, 0x0000000795580000)
  object space 87552K, 9% used [0x0000000740000000,0x0000000740885610,0x0000000745580000)
 Metaspace       used 9502K, capacity 9670K, committed 9984K, reserved 1058816K
  class space    used 1113K, capacity 1179K, committed 1280K, reserved 1048576K

Card table byte_map: [0x000000010c167000,0x000000010c568000] byte_map_base: 0x0000000108767000

Marking Bits: (ParMarkBitMap*) 0x000000010b6f35d0
 Begin Bits: [0x000000010c813000, 0x000000010e813000)
 End Bits:   [0x000000010e813000, 0x0000000110813000)

Polling page: 0x000000010a49e000

CodeCache: size=245760Kb used=3111Kb max_used=3116Kb free=242649Kb
 bounds [0x0000000112157000, 0x0000000112467000, 0x0000000121157000]
 total_blobs=1124 nmethods=759 adapters=279
 compilation: enabled

Compilation events (10 events):
Event: 0.845 Thread 0x00007fe91185b000 nmethod 754 0x0000000112461310 code [0x0000000112461460, 0x0000000112461528]
Event: 0.847 Thread 0x00007fe911807000 nmethod 752 0x0000000112460a50 code [0x0000000112460bc0, 0x00000001124610a8]
Event: 0.853 Thread 0x00007fe91185b800  755       1       java.lang.reflect.Method::getModifiers (5 bytes)
Event: 0.854 Thread 0x00007fe91185b800 nmethod 755 0x0000000112460590 code [0x00000001124606e0, 0x00000001124607f0]
Event: 0.854 Thread 0x00007fe91185b800  756       3       java.lang.Class::reflectionData (49 bytes)
Event: 0.854 Thread 0x00007fe91185b800 nmethod 756 0x00000001124656d0 code [0x0000000112465860, 0x0000000112465d68]
Event: 0.854 Thread 0x00007fe91185b800  758       3       java.lang.Class::checkInitted (19 bytes)
Event: 0.854 Thread 0x00007fe91185b800 nmethod 758 0x0000000112465190 code [0x0000000112465320, 0x00000001124655e8]
Event: 0.863 Thread 0x00007fe91185b800  759       3       sun.reflect.ClassFileAssembler::emitShort (24 bytes)
Event: 0.863 Thread 0x00007fe91185b800 nmethod 759 0x0000000112464ad0 code [0x0000000112464c60, 0x0000000112464fb8]

GC Heap History (2 events):
Event: 0.790 GC heap before
{Heap before GC invocations=1 (full 0):
 PSYoungGen      total 38400K, used 33280K [0x0000000795580000, 0x0000000798000000, 0x00000007c0000000)
  eden space 33280K, 100% used [0x0000000795580000,0x0000000797600000,0x0000000797600000)
  from space 5120K, 0% used [0x0000000797b00000,0x0000000797b00000,0x0000000798000000)
  to   space 5120K, 0% used [0x0000000797600000,0x0000000797600000,0x0000000797b00000)
 ParOldGen       total 87552K, used 0K [0x0000000740000000, 0x0000000745580000, 0x0000000795580000)
  object space 87552K, 0% used [0x0000000740000000,0x0000000740000000,0x0000000745580000)
 Metaspace       used 9291K, capacity 9408K, committed 9600K, reserved 1058816K
  class space    used 1052K, capacity 1114K, committed 1152K, reserved 1048576K
Event: 0.797 GC heap after
Heap after GC invocations=1 (full 0):
 PSYoungGen      total 38400K, used 5099K [0x0000000795580000, 0x0000000798000000, 0x00000007c0000000)
  eden space 33280K, 0% used [0x0000000795580000,0x0000000795580000,0x0000000797600000)
  from space 5120K, 99% used [0x0000000797600000,0x0000000797afafb8,0x0000000797b00000)
  to   space 5120K, 0% used [0x0000000797b00000,0x0000000797b00000,0x0000000798000000)
 ParOldGen       total 87552K, used 8725K [0x0000000740000000, 0x0000000745580000, 0x0000000795580000)
  object space 87552K, 9% used [0x0000000740000000,0x0000000740885610,0x0000000745580000)
 Metaspace       used 9291K, capacity 9408K, committed 9600K, reserved 1058816K
  class space    used 1052K, capacity 1114K, committed 1152K, reserved 1048576K
}

Deoptimization events (3 events):
Event: 0.616 Thread 0x00007fe912807000 Uncommon trap: reason=unstable_if action=reinterpret pc=0x00000001123b3af0 method=java.util.HashMap.getNode(ILjava/lang/Object;)Ljava/util/HashMap$Node; @ 129
Event: 0.616 Thread 0x00007fe912807000 Uncommon trap: reason=unstable_if action=reinterpret pc=0x00000001123b0dcc method=java.util.HashMap.getNode(ILjava/lang/Object;)Ljava/util/HashMap$Node; @ 129
Event: 0.848 Thread 0x00007fe912807000 Uncommon trap: reason=unstable_if action=reinterpret pc=0x0000000112459ea8 method=java.lang.Math.min(JJ)J @ 3

Internal exceptions (10 events):
Event: 0.131 Thread 0x00007fe912807000 Exception <a 'java/security/PrivilegedActionException'> (0x0000000795773048) thrown at [/Users/java_re/workspace/8-2-build-macosx-x86_64/jdk8u151/9699/hotspot/src/share/vm/prims/jvm.cpp, line 1390]
Event: 0.171 Thread 0x00007fe912807000 Exception <a 'java/security/PrivilegedActionException'> (0x0000000795813c70) thrown at [/Users/java_re/workspace/8-2-build-macosx-x86_64/jdk8u151/9699/hotspot/src/share/vm/prims/jvm.cpp, line 1390]
Event: 0.171 Thread 0x00007fe912807000 Exception <a 'java/security/PrivilegedActionException'> (0x0000000795813e80) thrown at [/Users/java_re/workspace/8-2-build-macosx-x86_64/jdk8u151/9699/hotspot/src/share/vm/prims/jvm.cpp, line 1390]
Event: 0.171 Thread 0x00007fe912807000 Exception <a 'java/security/PrivilegedActionException'> (0x00000007958171b0) thrown at [/Users/java_re/workspace/8-2-build-macosx-x86_64/jdk8u151/9699/hotspot/src/share/vm/prims/jvm.cpp, line 1390]
Event: 0.171 Thread 0x00007fe912807000 Exception <a 'java/security/PrivilegedActionException'> (0x00000007958173c0) thrown at [/Users/java_re/workspace/8-2-build-macosx-x86_64/jdk8u151/9699/hotspot/src/share/vm/prims/jvm.cpp, line 1390]
Event: 0.208 Thread 0x00007fe912807000 Exception <a 'java/io/FileNotFoundException'> (0x00000007959a8800) thrown at [/Users/java_re/workspace/8-2-build-macosx-x86_64/jdk8u151/9699/hotspot/src/share/vm/prims/jni.cpp, line 709]
Event: 0.298 Thread 0x00007fe912807000 Exception <a 'java/lang/NoSuchFieldError': method resolution failed> (0x0000000795c37b68) thrown at [/Users/java_re/workspace/8-2-build-macosx-x86_64/jdk8u151/9699/hotspot/src/share/vm/prims/methodHandles.cpp, line 1146]
Event: 0.299 Thread 0x00007fe912807000 Exception <a 'java/lang/NoSuchFieldError': method resolution failed> (0x0000000795c45258) thrown at [/Users/java_re/workspace/8-2-build-macosx-x86_64/jdk8u151/9699/hotspot/src/share/vm/prims/methodHandles.cpp, line 1146]
Event: 0.451 Thread 0x00007fe912807000 Exception <a 'java/io/FileNotFoundException'> (0x0000000795cbd958) thrown at [/Users/java_re/workspace/8-2-build-macosx-x86_64/jdk8u151/9699/hotspot/src/share/vm/prims/jni.cpp, line 709]
Event: 0.451 Thread 0x00007fe912807000 Exception <a 'java/io/FileNotFoundException'> (0x0000000795cbe4b0) thrown at [/Users/java_re/workspace/8-2-build-macosx-x86_64/jdk8u151/9699/hotspot/src/share/vm/prims/jni.cpp, line 709]

Events (10 events):
Event: 0.818 loading class com/github/jaiimageio/plugins/tiff/GeoTIFFTagSet$GeoAsciiParams done
Event: 0.848 Thread 0x00007fe912807000 Uncommon trap: trap_request=0xffffff65 fr.pc=0x0000000112459ea8
Event: 0.848 Thread 0x00007fe912807000 DEOPT PACKING pc=0x0000000112459ea8 sp=0x00007000024164a0
Event: 0.848 Thread 0x00007fe912807000 DEOPT UNPACKING pc=0x000000011215c229 sp=0x0000700002416468 mode 2
Event: 0.852 loading class java/nio/DirectByteBuffer$Deallocator
Event: 0.853 loading class java/nio/DirectByteBuffer$Deallocator done
Event: 0.853 loading class java/lang/StrictMath
Event: 0.853 loading class java/lang/StrictMath done
Event: 0.854 loading class com/sun/jna/Native$Buffers
Event: 0.854 loading class com/sun/jna/Native$Buffers done


Dynamic libraries:
0x0000000016605000 	/System/Library/Frameworks/Cocoa.framework/Versions/A/Cocoa
0x0000000016605000 	/System/Library/Frameworks/Security.framework/Versions/A/Security
0x0000000016605000 	/System/Library/Frameworks/ApplicationServices.framework/Versions/A/ApplicationServices
0x0000000016605000 	/usr/lib/libz.1.dylib
0x0000000016605000 	/usr/lib/libSystem.B.dylib
0x0000000016605000 	/usr/lib/libobjc.A.dylib
0x0000000016605000 	/System/Library/Frameworks/CoreFoundation.framework/Versions/A/CoreFoundation
0x0000000016605000 	/System/Library/Frameworks/Foundation.framework/Versions/C/Foundation
0x0000000016605000 	/System/Library/Frameworks/AppKit.framework/Versions/C/AppKit
0x0000000016605000 	/System/Library/Frameworks/CoreData.framework/Versions/A/CoreData
0x0000000016605000 	/System/Library/PrivateFrameworks/RemoteViewServices.framework/Versions/A/RemoteViewServices
0x0000000016605000 	/System/Library/PrivateFrameworks/UIFoundation.framework/Versions/A/UIFoundation
0x0000000016605000 	/System/Library/PrivateFrameworks/XCTTargetBootstrap.framework/Versions/A/XCTTargetBootstrap
0x0000000016605000 	/System/Library/PrivateFrameworks/IconServices.framework/Versions/A/IconServices
0x0000000016605000 	/System/Library/Frameworks/Metal.framework/Versions/A/Metal
0x0000000016605000 	/System/Library/PrivateFrameworks/DesktopServicesPriv.framework/Versions/A/DesktopServicesPriv
0x0000000016605000 	/usr/lib/libenergytrace.dylib
0x0000000016605000 	/System/Library/PrivateFrameworks/SkyLight.framework/Versions/A/SkyLight
0x0000000016605000 	/System/Library/Frameworks/CoreGraphics.framework/Versions/A/CoreGraphics
0x0000000016605000 	/System/Library/Frameworks/Accelerate.framework/Versions/A/Accelerate
0x0000000016605000 	/System/Library/Frameworks/IOSurface.framework/Versions/A/IOSurface
0x0000000016605000 	/System/Library/PrivateFrameworks/DFRFoundation.framework/Versions/A/DFRFoundation
0x0000000016605000 	/System/Library/Frameworks/AudioToolbox.framework/Versions/A/AudioToolbox
0x0000000016605000 	/System/Library/Frameworks/AudioUnit.framework/Versions/A/AudioUnit
0x0000000016605000 	/System/Library/PrivateFrameworks/DataDetectorsCore.framework/Versions/A/DataDetectorsCore
0x0000000016605000 	/System/Library/Frameworks/Carbon.framework/Versions/A/Frameworks/HIToolbox.framework/Versions/A/HIToolbox
0x0000000016605000 	/usr/lib/libicucore.A.dylib
0x0000000016605000 	/System/Library/Frameworks/QuartzCore.framework/Versions/A/QuartzCore
0x0000000016605000 	/System/Library/Frameworks/Carbon.framework/Versions/A/Frameworks/SpeechRecognition.framework/Versions/A/SpeechRecognition
0x0000000016605000 	/usr/lib/libauto.dylib
0x0000000016605000 	/usr/lib/libxml2.2.dylib
0x0000000016605000 	/System/Library/PrivateFrameworks/CoreUI.framework/Versions/A/CoreUI
0x0000000016605000 	/System/Library/Frameworks/CoreAudio.framework/Versions/A/CoreAudio
0x0000000016605000 	/System/Library/Frameworks/DiskArbitration.framework/Versions/A/DiskArbitration
0x0000000016605000 	/usr/lib/liblangid.dylib
0x0000000016605000 	/System/Library/PrivateFrameworks/MultitouchSupport.framework/Versions/A/MultitouchSupport
0x0000000016605000 	/System/Library/Frameworks/IOKit.framework/Versions/A/IOKit
0x0000000016605000 	/usr/lib/libDiagnosticMessagesClient.dylib
0x0000000016605000 	/System/Library/Frameworks/CoreServices.framework/Versions/A/CoreServices
0x0000000016605000 	/System/Library/PrivateFrameworks/PerformanceAnalysis.framework/Versions/A/PerformanceAnalysis
0x0000000016605000 	/System/Library/Frameworks/OpenGL.framework/Versions/A/OpenGL
0x0000000016605000 	/System/Library/Frameworks/ColorSync.framework/Versions/A/ColorSync
0x0000000016605000 	/System/Library/Frameworks/CoreImage.framework/Versions/A/CoreImage
0x0000000016605000 	/System/Library/Frameworks/CoreText.framework/Versions/A/CoreText
0x0000000016605000 	/System/Library/Frameworks/ImageIO.framework/Versions/A/ImageIO
0x0000000016605000 	/System/Library/PrivateFrameworks/Backup.framework/Versions/A/Backup
0x0000000016605000 	/usr/lib/libarchive.2.dylib
0x0000000016605000 	/System/Library/Frameworks/CFNetwork.framework/Versions/A/CFNetwork
0x0000000016605000 	/System/Library/Frameworks/SystemConfiguration.framework/Versions/A/SystemConfiguration
0x0000000016605000 	/usr/lib/libCRFSuite.dylib
0x0000000016605000 	/usr/lib/libc++.1.dylib
0x0000000016605000 	/usr/lib/libc++abi.dylib
0x0000000016605000 	/usr/lib/system/libcache.dylib
0x0000000016605000 	/usr/lib/system/libcommonCrypto.dylib
0x0000000016605000 	/usr/lib/system/libcompiler_rt.dylib
0x0000000016605000 	/usr/lib/system/libcopyfile.dylib
0x0000000016605000 	/usr/lib/system/libcorecrypto.dylib
0x0000000016605000 	/usr/lib/system/libdispatch.dylib
0x0000000016605000 	/usr/lib/system/libdyld.dylib
0x0000000016605000 	/usr/lib/system/libkeymgr.dylib
0x0000000016605000 	/usr/lib/system/liblaunch.dylib
0x0000000016605000 	/usr/lib/system/libmacho.dylib
0x0000000016605000 	/usr/lib/system/libquarantine.dylib
0x0000000016605000 	/usr/lib/system/libremovefile.dylib
0x0000000016605000 	/usr/lib/system/libsystem_asl.dylib
0x0000000016605000 	/usr/lib/system/libsystem_blocks.dylib
0x0000000016605000 	/usr/lib/system/libsystem_c.dylib
0x0000000016605000 	/usr/lib/system/libsystem_configuration.dylib
0x0000000016605000 	/usr/lib/system/libsystem_coreservices.dylib
0x0000000016605000 	/usr/lib/system/libsystem_darwin.dylib
0x0000000016605000 	/usr/lib/system/libsystem_dnssd.dylib
0x0000000016605000 	/usr/lib/system/libsystem_info.dylib
0x0000000016605000 	/usr/lib/system/libsystem_m.dylib
0x0000000016605000 	/usr/lib/system/libsystem_malloc.dylib
0x0000000016605000 	/usr/lib/system/libsystem_networkextension.dylib
0x0000000016605000 	/usr/lib/system/libsystem_notify.dylib
0x0000000016605000 	/usr/lib/system/libsystem_sandbox.dylib
0x0000000016605000 	/usr/lib/system/libsystem_secinit.dylib
0x0000000016605000 	/usr/lib/system/libsystem_kernel.dylib
0x0000000016605000 	/usr/lib/system/libsystem_platform.dylib
0x0000000016605000 	/usr/lib/system/libsystem_pthread.dylib
0x0000000016605000 	/usr/lib/system/libsystem_symptoms.dylib
0x0000000016605000 	/usr/lib/system/libsystem_trace.dylib
0x0000000016605000 	/usr/lib/system/libunwind.dylib
0x0000000016605000 	/usr/lib/system/libxpc.dylib
0x0000000016605000 	/usr/lib/libbsm.0.dylib
0x0000000016605000 	/usr/lib/system/libkxld.dylib
0x0000000016605000 	/System/Library/PrivateFrameworks/AppleFSCompression.framework/Versions/A/AppleFSCompression
0x0000000016605000 	/usr/lib/libOpenScriptingUtil.dylib
0x0000000016605000 	/usr/lib/libcoretls.dylib
0x0000000016605000 	/usr/lib/libcoretls_cfhelpers.dylib
0x0000000016605000 	/usr/lib/libpam.2.dylib
0x0000000016605000 	/usr/lib/libsqlite3.dylib
0x0000000016605000 	/usr/lib/libxar.1.dylib
0x0000000016605000 	/usr/lib/libbz2.1.0.dylib
0x0000000016605000 	/usr/lib/liblzma.5.dylib
0x0000000016605000 	/usr/lib/libnetwork.dylib
0x0000000016605000 	/usr/lib/libapple_nghttp2.dylib
0x0000000016605000 	/usr/lib/libpcap.A.dylib
0x0000000016605000 	/System/Library/Frameworks/CoreServices.framework/Versions/A/Frameworks/FSEvents.framework/Versions/A/FSEvents
0x0000000016605000 	/System/Library/Frameworks/CoreServices.framework/Versions/A/Frameworks/CarbonCore.framework/Versions/A/CarbonCore
0x0000000016605000 	/System/Library/Frameworks/CoreServices.framework/Versions/A/Frameworks/Metadata.framework/Versions/A/Metadata
0x0000000016605000 	/System/Library/Frameworks/CoreServices.framework/Versions/A/Frameworks/OSServices.framework/Versions/A/OSServices
0x0000000016605000 	/System/Library/Frameworks/CoreServices.framework/Versions/A/Frameworks/SearchKit.framework/Versions/A/SearchKit
0x0000000016605000 	/System/Library/Frameworks/CoreServices.framework/Versions/A/Frameworks/AE.framework/Versions/A/AE
0x0000000016605000 	/System/Library/Frameworks/CoreServices.framework/Versions/A/Frameworks/LaunchServices.framework/Versions/A/LaunchServices
0x0000000016605000 	/System/Library/Frameworks/CoreServices.framework/Versions/A/Frameworks/DictionaryServices.framework/Versions/A/DictionaryServices
0x0000000016605000 	/System/Library/Frameworks/CoreServices.framework/Versions/A/Frameworks/SharedFileList.framework/Versions/A/SharedFileList
0x0000000016605000 	/System/Library/Frameworks/NetFS.framework/Versions/A/NetFS
0x0000000016605000 	/System/Library/PrivateFrameworks/NetAuth.framework/Versions/A/NetAuth
0x0000000016605000 	/System/Library/PrivateFrameworks/login.framework/Versions/A/Frameworks/loginsupport.framework/Versions/A/loginsupport
0x0000000016605000 	/System/Library/PrivateFrameworks/TCC.framework/Versions/A/TCC
0x0000000016605000 	/System/Library/PrivateFrameworks/CoreNLP.framework/Versions/A/CoreNLP
0x0000000016605000 	/System/Library/PrivateFrameworks/MetadataUtilities.framework/Versions/A/MetadataUtilities
0x0000000016605000 	/usr/lib/libmecabra.dylib
0x0000000016605000 	/System/Library/Frameworks/ApplicationServices.framework/Versions/A/Frameworks/ATS.framework/Versions/A/ATS
0x0000000016605000 	/System/Library/Frameworks/ApplicationServices.framework/Versions/A/Frameworks/ColorSyncLegacy.framework/Versions/A/ColorSyncLegacy
0x0000000016605000 	/System/Library/Frameworks/ApplicationServices.framework/Versions/A/Frameworks/HIServices.framework/Versions/A/HIServices
0x0000000016605000 	/System/Library/Frameworks/ApplicationServices.framework/Versions/A/Frameworks/LangAnalysis.framework/Versions/A/LangAnalysis
0x0000000016605000 	/System/Library/Frameworks/ApplicationServices.framework/Versions/A/Frameworks/PrintCore.framework/Versions/A/PrintCore
0x0000000016605000 	/System/Library/Frameworks/ApplicationServices.framework/Versions/A/Frameworks/QD.framework/Versions/A/QD
0x0000000016605000 	/System/Library/Frameworks/ApplicationServices.framework/Versions/A/Frameworks/SpeechSynthesis.framework/Versions/A/SpeechSynthesis
0x0000000016605000 	/usr/lib/libcompression.dylib
0x0000000016605000 	/System/Library/Frameworks/CoreDisplay.framework/Versions/A/CoreDisplay
0x0000000016605000 	/System/Library/Frameworks/MetalPerformanceShaders.framework/Versions/A/MetalPerformanceShaders
0x0000000016605000 	/System/Library/Frameworks/Accelerate.framework/Versions/A/Frameworks/vImage.framework/Versions/A/vImage
0x0000000016605000 	/System/Library/Frameworks/Accelerate.framework/Versions/A/Frameworks/vecLib.framework/Versions/A/vecLib
0x0000000016605000 	/System/Library/Frameworks/Accelerate.framework/Versions/A/Frameworks/vecLib.framework/Versions/A/libvMisc.dylib
0x0000000016605000 	/System/Library/Frameworks/Accelerate.framework/Versions/A/Frameworks/vecLib.framework/Versions/A/libvDSP.dylib
0x0000000016605000 	/System/Library/Frameworks/Accelerate.framework/Versions/A/Frameworks/vecLib.framework/Versions/A/libBLAS.dylib
0x0000000016605000 	/System/Library/Frameworks/Accelerate.framework/Versions/A/Frameworks/vecLib.framework/Versions/A/libLAPACK.dylib
0x0000000016605000 	/System/Library/Frameworks/Accelerate.framework/Versions/A/Frameworks/vecLib.framework/Versions/A/libLinearAlgebra.dylib
0x0000000016605000 	/System/Library/Frameworks/Accelerate.framework/Versions/A/Frameworks/vecLib.framework/Versions/A/libSparseBLAS.dylib
0x0000000016605000 	/System/Library/Frameworks/Accelerate.framework/Versions/A/Frameworks/vecLib.framework/Versions/A/libQuadrature.dylib
0x0000000016605000 	/System/Library/Frameworks/Accelerate.framework/Versions/A/Frameworks/vecLib.framework/Versions/A/libBNNS.dylib
0x0000000016605000 	/System/Library/Frameworks/Accelerate.framework/Versions/A/Frameworks/vecLib.framework/Versions/A/libSparse.dylib
0x0000000016605000 	/System/Library/PrivateFrameworks/GPUWrangler.framework/Versions/A/GPUWrangler
0x0000000016605000 	/System/Library/PrivateFrameworks/IOAccelerator.framework/Versions/A/IOAccelerator
0x0000000016605000 	/System/Library/PrivateFrameworks/IOPresentment.framework/Versions/A/IOPresentment
0x0000000016605000 	/System/Library/PrivateFrameworks/DSExternalDisplay.framework/Versions/A/DSExternalDisplay
0x0000000016605000 	/System/Library/Frameworks/OpenGL.framework/Versions/A/Libraries/libCoreFSCache.dylib
0x0000000016605000 	/System/Library/Frameworks/MetalPerformanceShaders.framework/Frameworks/MPSCore.framework/Versions/A/MPSCore
0x0000000016605000 	/System/Library/Frameworks/MetalPerformanceShaders.framework/Frameworks/MPSImage.framework/Versions/A/MPSImage
0x0000000016605000 	/System/Library/Frameworks/MetalPerformanceShaders.framework/Frameworks/MPSNeuralNetwork.framework/Versions/A/MPSNeuralNetwork
0x0000000016605000 	/System/Library/Frameworks/MetalPerformanceShaders.framework/Frameworks/MPSMatrix.framework/Versions/A/MPSMatrix
0x0000000016605000 	/System/Library/Frameworks/MetalPerformanceShaders.framework/Frameworks/MPSRayIntersector.framework/Versions/A/MPSRayIntersector
0x0000000016605000 	/System/Library/PrivateFrameworks/MetalTools.framework/Versions/A/MetalTools
0x0000000016605000 	/System/Library/PrivateFrameworks/AggregateDictionary.framework/Versions/A/AggregateDictionary
0x0000000016605000 	/usr/lib/libMobileGestalt.dylib
0x0000000016605000 	/System/Library/Frameworks/CoreVideo.framework/Versions/A/CoreVideo
0x0000000016605000 	/System/Library/PrivateFrameworks/GraphVisualizer.framework/Versions/A/GraphVisualizer
0x0000000016605000 	/System/Library/PrivateFrameworks/FaceCore.framework/Versions/A/FaceCore
0x0000000016605000 	/System/Library/Frameworks/OpenCL.framework/Versions/A/OpenCL
0x0000000016605000 	/usr/lib/libFosl_dynamic.dylib
0x0000000016605000 	/System/Library/PrivateFrameworks/OTSVG.framework/Versions/A/OTSVG
0x0000000016605000 	/System/Library/Frameworks/ApplicationServices.framework/Versions/A/Frameworks/ATS.framework/Versions/A/Resources/libFontParser.dylib
0x0000000016605000 	/System/Library/Frameworks/ApplicationServices.framework/Versions/A/Frameworks/ATS.framework/Versions/A/Resources/libFontRegistry.dylib
0x0000000016605000 	/System/Library/Frameworks/ImageIO.framework/Versions/A/Resources/libJPEG.dylib
0x0000000016605000 	/System/Library/Frameworks/ImageIO.framework/Versions/A/Resources/libTIFF.dylib
0x0000000016605000 	/System/Library/Frameworks/ImageIO.framework/Versions/A/Resources/libPng.dylib
0x0000000016605000 	/System/Library/Frameworks/ImageIO.framework/Versions/A/Resources/libGIF.dylib
0x0000000016605000 	/System/Library/Frameworks/ImageIO.framework/Versions/A/Resources/libJP2.dylib
0x0000000016605000 	/System/Library/Frameworks/ImageIO.framework/Versions/A/Resources/libRadiance.dylib
0x0000000016605000 	/System/Library/PrivateFrameworks/AppleJPEG.framework/Versions/A/AppleJPEG
0x0000000016605000 	/System/Library/Frameworks/OpenGL.framework/Versions/A/Libraries/libGFXShared.dylib
0x0000000016605000 	/System/Library/Frameworks/OpenGL.framework/Versions/A/Libraries/libGLU.dylib
0x0000000016605000 	/System/Library/Frameworks/OpenGL.framework/Versions/A/Libraries/libGL.dylib
0x0000000016605000 	/System/Library/Frameworks/OpenGL.framework/Versions/A/Libraries/libGLImage.dylib
0x0000000016605000 	/System/Library/Frameworks/OpenGL.framework/Versions/A/Libraries/libCVMSPluginSupport.dylib
0x0000000016605000 	/System/Library/Frameworks/OpenGL.framework/Versions/A/Libraries/libCoreVMClient.dylib
0x0000000016605000 	/usr/lib/libcups.2.dylib
0x0000000016605000 	/System/Library/Frameworks/Kerberos.framework/Versions/A/Kerberos
0x0000000016605000 	/System/Library/Frameworks/GSS.framework/Versions/A/GSS
0x0000000016605000 	/usr/lib/libresolv.9.dylib
0x0000000016605000 	/usr/lib/libiconv.2.dylib
0x0000000016605000 	/System/Library/PrivateFrameworks/Heimdal.framework/Versions/A/Heimdal
0x0000000016605000 	/usr/lib/libheimdal-asn1.dylib
0x0000000016605000 	/System/Library/Frameworks/OpenDirectory.framework/Versions/A/OpenDirectory
0x0000000016605000 	/System/Library/PrivateFrameworks/CommonAuth.framework/Versions/A/CommonAuth
0x0000000016605000 	/System/Library/Frameworks/OpenDirectory.framework/Versions/A/Frameworks/CFOpenDirectory.framework/Versions/A/CFOpenDirectory
0x0000000016605000 	/System/Library/Frameworks/SecurityFoundation.framework/Versions/A/SecurityFoundation
0x0000000016605000 	/System/Library/PrivateFrameworks/APFS.framework/Versions/A/APFS
0x0000000016605000 	/usr/lib/libutil.dylib
0x0000000016605000 	/usr/lib/libcharset.1.dylib
0x0000000016605000 	/System/Library/PrivateFrameworks/AppleSauce.framework/Versions/A/AppleSauce
0x0000000016605000 	/System/Library/PrivateFrameworks/AssertionServices.framework/Versions/A/AssertionServices
0x0000000016605000 	/System/Library/PrivateFrameworks/BaseBoard.framework/Versions/A/BaseBoard
0x0000000016605000 	/usr/lib/libmecab.1.0.0.dylib
0x0000000016605000 	/usr/lib/libgermantok.dylib
0x0000000016605000 	/usr/lib/libThaiTokenizer.dylib
0x0000000016605000 	/usr/lib/libChineseTokenizer.dylib
0x0000000016605000 	/System/Library/PrivateFrameworks/LanguageModeling.framework/Versions/A/LanguageModeling
0x0000000016605000 	/System/Library/PrivateFrameworks/CoreEmoji.framework/Versions/A/CoreEmoji
0x0000000016605000 	/System/Library/PrivateFrameworks/Lexicon.framework/Versions/A/Lexicon
0x0000000016605000 	/System/Library/PrivateFrameworks/LinguisticData.framework/Versions/A/LinguisticData
0x0000000016605000 	/usr/lib/libcmph.dylib
0x0000000016605000 	/System/Library/Frameworks/ServiceManagement.framework/Versions/A/ServiceManagement
0x0000000016605000 	/System/Library/PrivateFrameworks/BackgroundTaskManagement.framework/Versions/A/BackgroundTaskManagement
0x0000000016605000 	/usr/lib/libxslt.1.dylib
0x0000000016605000 	/System/Library/Frameworks/Carbon.framework/Versions/A/Frameworks/Ink.framework/Versions/A/Ink
0x0000000016605000 	/System/Library/PrivateFrameworks/TextureIO.framework/Versions/A/TextureIO
0x0000000016605000 	/usr/lib/libate.dylib
0x0000000016605000 	/System/Library/PrivateFrameworks/CrashReporterSupport.framework/Versions/A/CrashReporterSupport
0x0000000016605000 	/System/Library/PrivateFrameworks/Sharing.framework/Versions/A/Sharing
0x0000000016605000 	/System/Library/PrivateFrameworks/AuthKit.framework/Versions/A/AuthKit
0x0000000016605000 	/System/Library/PrivateFrameworks/Apple80211.framework/Versions/A/Apple80211
0x0000000016605000 	/System/Library/PrivateFrameworks/CoreUtils.framework/Versions/A/CoreUtils
0x0000000016605000 	/System/Library/Frameworks/CoreWLAN.framework/Versions/A/CoreWLAN
0x0000000016605000 	/System/Library/Frameworks/IOBluetooth.framework/Versions/A/IOBluetooth
0x0000000016605000 	/System/Library/PrivateFrameworks/ProtocolBuffer.framework/Versions/A/ProtocolBuffer
0x0000000016605000 	/System/Library/PrivateFrameworks/MobileKeyBag.framework/Versions/A/MobileKeyBag
0x0000000016605000 	/System/Library/PrivateFrameworks/CorePhoneNumbers.framework/Versions/A/CorePhoneNumbers
0x0000000016605000 	/System/Library/PrivateFrameworks/AppleIDAuthSupport.framework/Versions/A/AppleIDAuthSupport
0x0000000016605000 	/System/Library/PrivateFrameworks/KeychainCircle.framework/Versions/A/KeychainCircle
0x0000000016605000 	/System/Library/PrivateFrameworks/ROCKit.framework/Versions/A/ROCKit
0x0000000016605000 	/System/Library/PrivateFrameworks/CoreWiFi.framework/Versions/A/CoreWiFi
0x0000000016605000 	/System/Library/Frameworks/CoreBluetooth.framework/Versions/A/CoreBluetooth
0x0000000016605000 	/System/Library/PrivateFrameworks/DebugSymbols.framework/Versions/A/DebugSymbols
0x0000000016605000 	/System/Library/PrivateFrameworks/CoreSymbolication.framework/Versions/A/CoreSymbolication
0x0000000016605000 	/System/Library/PrivateFrameworks/Symbolication.framework/Versions/A/Symbolication
0x0000000016605000 	/System/Library/PrivateFrameworks/SpeechRecognitionCore.framework/Versions/A/SpeechRecognitionCore
0x000000010ae00000 	/Library/Java/JavaVirtualMachines/jdk1.8.0_151.jdk/Contents/Home/jre/lib/server/libjvm.dylib
0x0000000016605000 	/usr/lib/libstdc++.6.dylib
0x000000010a45b000 	/Library/Java/JavaVirtualMachines/jdk1.8.0_151.jdk/Contents/Home/jre/lib/libverify.dylib
0x000000010a469000 	/Library/Java/JavaVirtualMachines/jdk1.8.0_151.jdk/Contents/Home/jre/lib/libjava.dylib
0x000000010a4e8000 	/Library/Java/JavaVirtualMachines/jdk1.8.0_151.jdk/Contents/Home/jre/lib/libzip.dylib
0x0000000016605000 	/System/Library/Frameworks/JavaVM.framework/Versions/A/Frameworks/JavaRuntimeSupport.framework/Versions/A/JavaRuntimeSupport
0x0000000016605000 	/System/Library/Frameworks/JavaVM.framework/Versions/A/Frameworks/JavaNativeFoundation.framework/Versions/A/JavaNativeFoundation
0x0000000016605000 	/System/Library/Frameworks/JavaVM.framework/Versions/A/JavaVM
0x0000000016605000 	/System/Library/Frameworks/Carbon.framework/Versions/A/Carbon
0x0000000016605000 	/System/Library/PrivateFrameworks/JavaLaunching.framework/Versions/A/JavaLaunching
0x0000000016605000 	/System/Library/Frameworks/Carbon.framework/Versions/A/Frameworks/CommonPanels.framework/Versions/A/CommonPanels
0x0000000016605000 	/System/Library/Frameworks/Carbon.framework/Versions/A/Frameworks/Help.framework/Versions/A/Help
0x0000000016605000 	/System/Library/Frameworks/Carbon.framework/Versions/A/Frameworks/ImageCapture.framework/Versions/A/ImageCapture
0x0000000016605000 	/System/Library/Frameworks/Carbon.framework/Versions/A/Frameworks/OpenScripting.framework/Versions/A/OpenScripting
0x0000000016605000 	/System/Library/Frameworks/Carbon.framework/Versions/A/Frameworks/Print.framework/Versions/A/Print
0x0000000016605000 	/System/Library/Frameworks/Carbon.framework/Versions/A/Frameworks/SecurityHI.framework/Versions/A/SecurityHI
0x00000001233c4000 	/Library/Java/JavaVirtualMachines/jdk1.8.0_151.jdk/Contents/Home/jre/lib/libawt.dylib
0x000000012346c000 	/Library/Java/JavaVirtualMachines/jdk1.8.0_151.jdk/Contents/Home/jre/lib/./libmlib_image.dylib
0x0000000123538000 	/Library/Java/JavaVirtualMachines/jdk1.8.0_151.jdk/Contents/Home/jre/lib/libawt_lwawt.dylib
0x00000001235ef000 	/Library/Java/JavaVirtualMachines/jdk1.8.0_151.jdk/Contents/Home/jre/lib/./libosxapp.dylib
0x0000000016605000 	/System/Library/Frameworks/ExceptionHandling.framework/Versions/A/ExceptionHandling
0x0000000016605000 	/System/Library/PrivateFrameworks/CoreServicesInternal.framework/Versions/A/CoreServicesInternal
0x0000000016605000 	/System/Library/CoreServices/RawCamera.bundle/Contents/MacOS/RawCamera
0x0000000016605000 	/System/Library/PrivateFrameworks/MobileAsset.framework/Versions/A/MobileAsset
0x0000000016605000 	/System/Library/PrivateFrameworks/StreamingZip.framework/Versions/A/StreamingZip
0x0000000016605000 	/System/Library/Frameworks/MediaToolbox.framework/Versions/A/MediaToolbox
0x0000000016605000 	/System/Library/PrivateFrameworks/CoreAVCHD.framework/Versions/A/CoreAVCHD
0x0000000016605000 	/System/Library/Frameworks/MediaAccessibility.framework/Versions/A/MediaAccessibility
0x0000000016605000 	/System/Library/PrivateFrameworks/Mangrove.framework/Versions/A/Mangrove
0x0000000016605000 	/System/Library/Frameworks/CoreMedia.framework/Versions/A/CoreMedia
0x0000000016605000 	/System/Library/Frameworks/VideoToolbox.framework/Versions/A/VideoToolbox
0x0000000016605000 	/System/Library/PrivateFrameworks/CoreAUC.framework/Versions/A/CoreAUC
0x0000000016605000 	/usr/lib/libspindump.dylib
0x0000000016605000 	/System/Library/PrivateFrameworks/AppleVA.framework/Versions/A/AppleVA
0x0000000016605000 	/System/Library/Frameworks/Accelerate.framework/Versions/A/Frameworks/vImage.framework/Versions/A/Libraries/libCGInterfaces.dylib
0x0000000016605000 	/System/Library/Frameworks/ApplicationServices.framework/Versions/A/Frameworks/ATS.framework/Versions/A/Resources/libTrueTypeScaler.dylib
0x0000000016605000 	/System/Library/Extensions/AppleIntelKBLGraphicsMTLDriver.bundle/Contents/MacOS/AppleIntelKBLGraphicsMTLDriver
0x0000000016605000 	/System/Library/PrivateFrameworks/GPUCompiler.framework/Versions/3902/Libraries/libmetal_timestamp.dylib
0x0000000016605000 	/System/Library/PrivateFrameworks/FamilyControls.framework/Versions/A/FamilyControls
0x0000000016605000 	/System/Library/PrivateFrameworks/CommerceKit.framework/Versions/A/Frameworks/CommerceCore.framework/Versions/A/CommerceCore
0x0000000016605000 	/System/Library/PrivateFrameworks/SystemAdministration.framework/Versions/A/SystemAdministration
0x0000000016605000 	/System/Library/PrivateFrameworks/AppContainer.framework/Versions/A/AppContainer
0x0000000016605000 	/System/Library/PrivateFrameworks/AppSandbox.framework/Versions/A/AppSandbox
0x0000000016605000 	/System/Library/PrivateFrameworks/SecCodeWrapper.framework/Versions/A/SecCodeWrapper
0x0000000016605000 	/usr/lib/libsandbox.1.dylib
0x0000000016605000 	/usr/lib/libMatch.1.dylib
0x0000000016605000 	/System/Library/PrivateFrameworks/DiskManagement.framework/Versions/A/DiskManagement
0x0000000016605000 	/System/Library/Frameworks/DirectoryService.framework/Versions/A/DirectoryService
0x0000000016605000 	/System/Library/PrivateFrameworks/DiskImages.framework/Versions/A/DiskImages
0x0000000016605000 	/System/Library/PrivateFrameworks/LoginUIKit.framework/Versions/A/Frameworks/LoginUICore.framework/Versions/A/LoginUICore
0x0000000016605000 	/usr/lib/libCoreStorage.dylib
0x0000000016605000 	/usr/lib/libcsfde.dylib
0x0000000016605000 	/usr/lib/libodfde.dylib
0x0000000016605000 	/System/Library/PrivateFrameworks/MediaKit.framework/Versions/A/MediaKit
0x0000000016605000 	/System/Library/Frameworks/DiscRecording.framework/Versions/A/DiscRecording
0x0000000016605000 	/System/Library/PrivateFrameworks/EFILogin.framework/Versions/A/EFILogin
0x0000000016605000 	/System/Library/PrivateFrameworks/ProtectedCloudStorage.framework/Versions/A/ProtectedCloudStorage
0x0000000016605000 	/usr/lib/libcurl.4.dylib
0x0000000016605000 	/usr/lib/libcrypto.42.dylib
0x0000000016605000 	/usr/lib/libssl.44.dylib
0x0000000016605000 	/System/Library/Frameworks/LDAP.framework/Versions/A/LDAP
0x0000000016605000 	/System/Library/PrivateFrameworks/TrustEvaluationAgent.framework/Versions/A/TrustEvaluationAgent
0x0000000016605000 	/usr/lib/libsasl2.2.dylib
0x0000000016605000 	/System/Library/PrivateFrameworks/CoreDaemon.framework/Versions/B/CoreDaemon
0x0000000016605000 	/System/Library/PrivateFrameworks/AppleSRP.framework/Versions/A/AppleSRP
0x0000000016605000 	/System/Library/PrivateFrameworks/ViewBridge.framework/Versions/A/ViewBridge
0x00000001263bd000 	/Library/Java/JavaVirtualMachines/jdk1.8.0_151.jdk/Contents/Home/jre/lib/libjpeg.dylib
0x00000001233a6000 	/private/var/folders/fd/tgd2c9g171gb7nl7hdzc2x500000gn/T/jna--2118447455/jna1983493483301917543.tmp
0x00000001263eb000 	/usr/local/lib/libtesseract.dylib
0x00000001268dc000 	/usr/local/opt/leptonica/lib/liblept.5.dylib
0x0000000126acf000 	/usr/local/opt/libpng/lib/libpng16.16.dylib
0x0000000126afa000 	/usr/local/opt/jpeg/lib/libjpeg.9.dylib
0x0000000126b2e000 	/usr/local/opt/libtiff/lib/libtiff.5.dylib
0x0000000124f74000 	/Library/Java/JavaVirtualMachines/jdk1.8.0_151.jdk/Contents/Home/jre/lib/libnio.dylib
0x0000000126b97000 	/Library/Java/JavaVirtualMachines/jdk1.8.0_151.jdk/Contents/Home/jre/lib/./libnet.dylib

VM Arguments:
jvm_args: -Djava.library.path=/usr/local/Cellar/opencv/3.4.3/share/OpenCV/java:/Users/oielbanna/Downloads/Tess4J -Dfile.encoding=UTF-8 
java_command: detector.TesseractExample
java_class_path (initial): /Library/Java/JavaVirtualMachines/jdk1.8.0_151.jdk/Contents/Home/jre/lib/resources.jar:/Library/Java/JavaVirtualMachines/jdk1.8.0_151.jdk/Contents/Home/jre/lib/rt.jar:/Library/Java/JavaVirtualMachines/jdk1.8.0_151.jdk/Contents/Home/jre/lib/jsse.jar:/Library/Java/JavaVirtualMachines/jdk1.8.0_151.jdk/Contents/Home/jre/lib/jce.jar:/Library/Java/JavaVirtualMachines/jdk1.8.0_151.jdk/Contents/Home/jre/lib/charsets.jar:/Library/Java/JavaVirtualMachines/jdk1.8.0_151.jdk/Contents/Home/jre/lib/jfr.jar:/Library/Java/JavaVirtualMachines/jdk1.8.0_151.jdk/Contents/Home/jre/lib/ext/sunec.jar:/Library/Java/JavaVirtualMachines/jdk1.8.0_151.jdk/Contents/Home/jre/lib/ext/nashorn.jar:/Library/Java/JavaVirtualMachines/jdk1.8.0_151.jdk/Contents/Home/jre/lib/ext/cldrdata.jar:/Library/Java/JavaVirtualMachines/jdk1.8.0_151.jdk/Contents/Home/jre/lib/ext/jfxrt.jar:/Library/Java/JavaVirtualMachines/jdk1.8.0_151.jdk/Contents/Home/jre/lib/ext/dnsns.jar:/Library/Java/JavaVirtualMachines/jdk1.8.0_151.jdk/Contents/Home/jre/lib/ext/localedata.jar:/Library/Java/JavaVirtualMachines/jdk1.8.0_151.jdk/Contents/Home/jre/lib/ext/sunjce_provider.jar:/Library/Java/JavaVirtualMachines/jdk1.8.0_151.jdk/Contents/Home/jre/lib/ext/sunpkcs11.jar:/Library/Java/JavaVirtualMachines/jdk1.8.0_151.jdk/Contents/Home/jre/lib/ext/jaccess.jar:/Library/Java/JavaVirtualMachines/jdk1.8.0_151.jdk/Contents/Home/jre/lib/ext/zipfs.jar:/System/Library/Java/Extensions/MRJToolkit.jar:/Users/oielbanna/git/Hotdocsss/Hotdocs/bin:/Users/oielbanna/Downloads/poi-4.0.0/poi-4.0.0.jar:/Users/oielbanna/Downloads/poi-4.0.0/poi-ooxml-4.0.0.jar:/Users/oielbanna/Downloads/poi-4.0.0/poi-ooxml-schemas-4.0.0.jar:/Users/oielbanna/Downloads/poi-4.0.0/ooxml-lib/curvesapi-1.05.jar:/Users/oielbanna/Downloads/poi-4.0.0/ooxml-lib/xmlbeans-3.0.1.jar:/Users/oielbanna/Downloads/poi-4.0.0/poi-excelant-4.0.0.jar:/Users/oielbanna/Downloads/poi-4.0.0/poi-scratchpad-4.0.0.jar:/Users/oielbanna/opencv-343.jar:/Users/oielbanna/Downloads/Te
Launcher Type: SUN_STANDARD

Environment Variables:
PATH=/usr/bin:/bin:/usr/sbin:/sbin
SHELL=/bin/bash

Signal Handlers:
SIGSEGV: [libjvm.dylib+0x5b27a5], sa_mask[0]=11111111011111110111111111111111, sa_flags=SA_ONSTACK|SA_RESTART|SA_SIGINFO
SIGBUS: [libjvm.dylib+0x5b27a5], sa_mask[0]=11111111011111110111111111111111, sa_flags=SA_RESTART|SA_SIGINFO
SIGFPE: [libjvm.dylib+0x4891c4], sa_mask[0]=11111111011111110111111111111111, sa_flags=SA_RESTART|SA_SIGINFO
SIGPIPE: [libjvm.dylib+0x4891c4], sa_mask[0]=11111111011111110111111111111111, sa_flags=SA_RESTART|SA_SIGINFO
SIGXFSZ: [libjvm.dylib+0x4891c4], sa_mask[0]=11111111011111110111111111111111, sa_flags=SA_RESTART|SA_SIGINFO
SIGILL: [libjvm.dylib+0x4891c4], sa_mask[0]=11111111011111110111111111111111, sa_flags=SA_RESTART|SA_SIGINFO
SIGUSR1: SIG_DFL, sa_mask[0]=00000000000000000000000000000000, sa_flags=none
SIGUSR2: [libjvm.dylib+0x488ce2], sa_mask[0]=00100000000000000000000000000000, sa_flags=SA_RESTART|SA_SIGINFO
SIGHUP: [libjvm.dylib+0x4872b9], sa_mask[0]=11111111011111110111111111111111, sa_flags=SA_RESTART|SA_SIGINFO
SIGINT: [libjvm.dylib+0x4872b9], sa_mask[0]=11111111011111110111111111111111, sa_flags=SA_RESTART|SA_SIGINFO
SIGTERM: [libjvm.dylib+0x4872b9], sa_mask[0]=11111111011111110111111111111111, sa_flags=SA_RESTART|SA_SIGINFO
SIGQUIT: [libjvm.dylib+0x4872b9], sa_mask[0]=11111111011111110111111111111111, sa_flags=SA_RESTART|SA_SIGINFO


---------------  S Y S T E M  ---------------

OS:Bsduname:Darwin 18.0.0 Darwin Kernel Version 18.0.0: Wed Aug 22 20:13:40 PDT 2018; root:xnu-4903.201.2~1/RELEASE_X86_64 x86_64
rlimit: STACK 8192k, CORE 0k, NPROC 709, NOFILE 10240, AS infinity
load average:1.37 1.41 1.44

CPU:total 4 (initial active 4) (2 cores per cpu, 2 threads per core) family 6 model 142 stepping 9, cmov, cx8, fxsr, mmx, sse, sse2, sse3, ssse3, sse4.1, sse4.2, popcnt, avx, avx2, aes, clmul, erms, rtm, 3dnowpref, lzcnt, ht, tsc, tscinvbit, bmi1, bmi2, adx

Memory: 4k page, physical 8388608k(198128k free)

/proc/meminfo:


vm_info: Java HotSpot(TM) 64-Bit Server VM (25.151-b12) for bsd-amd64 JRE (1.8.0_151-b12), built on Sep  5 2017 19:37:08 by "java_re" with gcc 4.2.1 (Based on Apple Inc. build 5658) (LLVM build 2336.11.00)

time: Sun Nov 18 11:05:12 2018
elapsed time: 0 seconds (0d 0h 0m 0s)

