#
# A fatal error has been detected by the Java Runtime Environment:
#
#  SIGSEGV (0xb) at pc=0x000000012ac5cc1e, pid=14749, tid=0x0000000000002503
#
# JRE version: Java(TM) SE Runtime Environment (8.0_151-b12) (build 1.8.0_151-b12)
# Java VM: Java HotSpot(TM) 64-Bit Server VM (25.151-b12 mixed mode bsd-amd64 compressed oops)
# Problematic frame:
# C  [libtesseract.dylib+0x13c1e]  tesseract::Tesseract::recog_all_words(PAGE_RES*, ETEXT_DESC*, TBOX const*, char const*, int)+0xa0
#
# Failed to write core dump. Core dumps have been disabled. To enable core dumping, try "ulimit -c unlimited" before starting Java again
#
# If you would like to submit a bug report, please visit:
#   http://bugreport.java.com/bugreport/crash.jsp
# The crash happened outside the Java Virtual Machine in native code.
# See problematic frame for where to report the bug.
#

---------------  T H R E A D  ---------------

Current thread (0x00007fe80a803000):  JavaThread "main" [_thread_in_native, id=9475, stack(0x00007000056c8000,0x00007000057c8000)]

siginfo: si_signo: 11 (SIGSEGV), si_code: 1 (SEGV_MAPERR), si_addr: 0x000000000000000c

Registers:
RAX=0x0000000000000000, RBX=0x00007fe80c505b00, RCX=0x0000000000000000, RDX=0x00007fe80c51b1e0
RSP=0x00007000057c66b0, RBP=0x00007000057c6820, RSI=0x0000000000000000, RDI=0x00007000057c6778
R8 =0x0000000000000000, R9 =0x0000000000000000, R10=0x0000000007ffffff, R11=0x0000000000006380
R12=0x0000000000000000, R13=0x0000000000000000, R14=0x0000000000000000, R15=0x0000000112c69000
RIP=0x000000012ac5cc1e, EFLAGS=0x0000000000010246, ERR=0x0000000000000004
  TRAPNO=0x000000000000000e

Top of Stack: (sp=0x00007000057c66b0)
0x00007000057c66b0:   00007fe80c519060 00007fe80c505b00
0x00007000057c66c0:   0000000000000000 0000000000000000
0x00007000057c66d0:   0000000000000000 00007fe80c50f9d0
0x00007000057c66e0:   00007fe80c51c630 00007fe80c505bd0
0x00007000057c66f0:   00007fe80c51bcf0 00007fe80c51b1e0
0x00007000057c6700:   00007fe80c505bd0 00007fe80c505b08
0x00007000057c6710:   00007fe80c505bd0 00007fe80c505bd0
0x00007000057c6720:   00007fe80c505bd0 00007fe80c1a0000
0x00007000057c6730:   00007fe80c505bd0 00007fe80c51c600
0x00007000057c6740:   00007fe80c505bf8 00007fe80c51c630
0x00007000057c6750:   00007fe80c51b1e0 00007fe80c51bfc0
0x00007000057c6760:   00007fe80c500000 00007fe80c51c630
0x00007000057c6770:   00007000057c6801 00007fe80c51b200
0x00007000057c6780:   00007fe80c51bcf0 00007fe80c51b210
0x00007000057c6790:   00007fe80c51bcf0 00007fe80c500000
0x00007000057c67a0:   00007fe80c51bcf0 000000012ac4b901
0x00007000057c67b0:   00007fe80c505510 000000012ae00013
0x00007000057c67c0:   0000000112c69150 00007fe80c19b6e0
0x00007000057c67d0:   00007fe80c19b6e0 0000000112c69000
0x00007000057c67e0:   0000000000000000 0000000000000000
0x00007000057c67f0:   00007000057c6820 00007000057c6801
0x00007000057c6800:   00007fe80c19b6e0 0000000112c69000
0x00007000057c6810:   00000000ffffffff 0000000000000000
0x00007000057c6820:   00007000057c6890 000000012ac4d584
0x00007000057c6830:   00007000057c68b0 000000011370b040
0x00007000057c6840:   00007000057c68b0 000000011370b040
0x00007000057c6850:   0000000000000016 0000000000000000
0x00007000057c6860:   0100000797651bb0 00007fe80c19b6e0
0x00007000057c6870:   0000000000000008 0000000000000001
0x00007000057c6880:   0000000000000000 00007000057c6a00
0x00007000057c6890:   00007000057c68c0 000000012ac4c4dd
0x00007000057c68a0:   0000000000000000 0000000000000001 

Instructions: (pc=0x000000012ac5cc1e)
0x000000012ac5cbfe:   83 bf 90 15 00 00 00 7e 0d 4d 89 f4 4c 89 ff e8
0x000000012ac5cc0e:   be cf 0b 00 eb 18 4d 89 f4 49 8b 87 38 0a 00 00
0x000000012ac5cc1e:   80 78 0c 00 74 08 4c 89 ff e8 18 d0 0b 00 48 89
0x000000012ac5cc2e:   5d d0 41 83 bf e8 47 02 00 00 7e 3e 31 db 49 8b 

Register to memory mapping:

RAX=0x0000000000000000 is an unknown value
RBX=0x00007fe80c505b00 is an unknown value
RCX=0x0000000000000000 is an unknown value
RDX=0x00007fe80c51b1e0 is an unknown value
RSP=0x00007000057c66b0 is pointing into the stack for thread: 0x00007fe80a803000
RBP=0x00007000057c6820 is pointing into the stack for thread: 0x00007fe80a803000
RSI=0x0000000000000000 is an unknown value
RDI=0x00007000057c6778 is pointing into the stack for thread: 0x00007fe80a803000
R8 =0x0000000000000000 is an unknown value
R9 =0x0000000000000000 is an unknown value
R10=0x0000000007ffffff is an unknown value
R11=0x0000000000006380 is an unknown value
R12=0x0000000000000000 is an unknown value
R13=0x0000000000000000 is an unknown value
R14=0x0000000000000000 is an unknown value
R15=0x0000000112c69000 is an unknown value


Stack: [0x00007000056c8000,0x00007000057c8000],  sp=0x00007000057c66b0,  free space=1017k
Native frames: (J=compiled Java code, j=interpreted, Vv=VM code, C=native code)
C  [libtesseract.dylib+0x13c1e]  tesseract::Tesseract::recog_all_words(PAGE_RES*, ETEXT_DESC*, TBOX const*, char const*, int)+0xa0
C  [libtesseract.dylib+0x4584]  tesseract::TessBaseAPI::Recognize(ETEXT_DESC*)+0x376
C  [libtesseract.dylib+0x34dd]  tesseract::TessBaseAPI::GetUTF8Text()+0x2b
C  [jna6219802195198376063.tmp+0xd94c]  ffi_call_unix64+0x4c
C  0x00007000057c7350

Java frames: (J=compiled Java code, j=interpreted, Vv=VM code)
j  com.sun.jna.Native.invokePointer(JI[Ljava/lang/Object;)J+0
j  com.sun.jna.Function.invokePointer(I[Ljava/lang/Object;)Lcom/sun/jna/Pointer;+6
j  com.sun.jna.Function.invoke([Ljava/lang/Object;Ljava/lang/Class;Z)Ljava/lang/Object;+426
j  com.sun.jna.Function.invoke(Ljava/lang/Class;[Ljava/lang/Object;Ljava/util/Map;)Ljava/lang/Object;+262
j  com.sun.jna.Library$Handler.invoke(Ljava/lang/Object;Ljava/lang/reflect/Method;[Ljava/lang/Object;)Ljava/lang/Object;+316
j  com.sun.proxy.$Proxy0.TessBaseAPIGetUTF8Text(Lnet/sourceforge/tess4j/ITessAPI$TessBaseAPI;)Lcom/sun/jna/Pointer;+16
j  net.sourceforge.tess4j.Tesseract.getOCRText(Ljava/lang/String;I)Ljava/lang/String;+62
j  net.sourceforge.tess4j.Tesseract.doOCR(Ljava/util/List;Ljava/lang/String;Ljava/awt/Rectangle;)Ljava/lang/String;+69
j  net.sourceforge.tess4j.Tesseract.doOCR(Ljava/io/File;Ljava/awt/Rectangle;)Ljava/lang/String;+10
j  net.sourceforge.tess4j.Tesseract.doOCR(Ljava/io/File;)Ljava/lang/String;+3
j  detector.TesseractExample.main([Ljava/lang/String;)V+30
v  ~StubRoutines::call_stub

---------------  P R O C E S S  ---------------

Java Threads: ( => current thread )
  0x00007fe80bb6d000 JavaThread "Java2D Disposer" daemon [_thread_blocked, id=49155, stack(0x0000700006801000,0x0000700006901000)]
  0x00007fe80ba21000 JavaThread "AWT-Shutdown" [_thread_blocked, id=26415, stack(0x0000700006575000,0x0000700006675000)]
  0x00007fe80a160000 JavaThread "AWT-AppKit" daemon [_thread_in_native, id=775, stack(0x00007ffee0f32000,0x00007ffee1732000)]
  0x00007fe80b04a000 JavaThread "Service Thread" daemon [_thread_blocked, id=16387, stack(0x00007000062ec000,0x00007000063ec000)]
  0x00007fe80a02a800 JavaThread "C1 CompilerThread2" daemon [_thread_blocked, id=16643, stack(0x00007000061e9000,0x00007000062e9000)]
  0x00007fe80a02a000 JavaThread "C2 CompilerThread1" daemon [_thread_blocked, id=16899, stack(0x00007000060e6000,0x00007000061e6000)]
  0x00007fe80a027800 JavaThread "C2 CompilerThread0" daemon [_thread_blocked, id=12035, stack(0x0000700005fe3000,0x00007000060e3000)]
  0x00007fe80a801000 JavaThread "Signal Dispatcher" daemon [_thread_blocked, id=17411, stack(0x0000700005ee0000,0x0000700005fe0000)]
  0x00007fe80a809800 JavaThread "Finalizer" daemon [_thread_blocked, id=19715, stack(0x0000700005ddd000,0x0000700005edd000)]
  0x00007fe80b834000 JavaThread "Reference Handler" daemon [_thread_blocked, id=20227, stack(0x0000700005cda000,0x0000700005dda000)]
=>0x00007fe80a803000 JavaThread "main" [_thread_in_native, id=9475, stack(0x00007000056c8000,0x00007000057c8000)]

Other Threads:
  0x00007fe80b82f800 VMThread [stack: 0x0000700005bd7000,0x0000700005cd7000] [id=20739]
  0x00007fe80b032800 WatcherThread [stack: 0x00007000063ef000,0x00007000064ef000] [id=13315]

VM state:not at safepoint (normal execution)

VM Mutex/Monitor currently owned by a thread: None

Heap:
 PSYoungGen      total 38400K, used 20261K [0x0000000795580000, 0x0000000798000000, 0x00000007c0000000)
  eden space 33280K, 45% used [0x0000000795580000,0x000000079644a850,0x0000000797600000)
  from space 5120K, 99% used [0x0000000797600000,0x0000000797afefa8,0x0000000797b00000)
  to   space 5120K, 0% used [0x0000000797b00000,0x0000000797b00000,0x0000000798000000)
 ParOldGen       total 87552K, used 8683K [0x0000000740000000, 0x0000000745580000, 0x0000000795580000)
  object space 87552K, 9% used [0x0000000740000000,0x000000074087aed0,0x0000000745580000)
 Metaspace       used 9488K, capacity 9670K, committed 9984K, reserved 1058816K
  class space    used 1113K, capacity 1179K, committed 1280K, reserved 1048576K

Card table byte_map: [0x0000000110167000,0x0000000110568000] byte_map_base: 0x000000010c767000

Marking Bits: (ParMarkBitMap*) 0x000000010f6f35d0
 Begin Bits: [0x0000000122703000, 0x0000000124703000)
 End Bits:   [0x0000000124703000, 0x0000000126703000)

Polling page: 0x000000010e53c000

CodeCache: size=245760Kb used=3096Kb max_used=3101Kb free=242663Kb
 bounds [0x0000000113703000, 0x0000000113a13000, 0x0000000122703000]
 total_blobs=1111 nmethods=746 adapters=279
 compilation: enabled

Compilation events (10 events):
Event: 2.924 Thread 0x00007fe80a02a000 nmethod 741 0x0000000113a07cd0 code [0x0000000113a07e20, 0x0000000113a07ee8]
Event: 2.925 Thread 0x00007fe80a027800 nmethod 739 0x0000000113a07410 code [0x0000000113a07580, 0x0000000113a07a68]
Event: 2.932 Thread 0x00007fe80a02a800  742       1       java.lang.reflect.Method::getModifiers (5 bytes)
Event: 2.932 Thread 0x00007fe80a02a800 nmethod 742 0x0000000113a09450 code [0x0000000113a095a0, 0x0000000113a096b0]
Event: 2.932 Thread 0x00007fe80a02a800  743       3       java.lang.Class::reflectionData (49 bytes)
Event: 2.932 Thread 0x00007fe80a02a800 nmethod 743 0x0000000113a088d0 code [0x0000000113a08a60, 0x0000000113a08f68]
Event: 2.932 Thread 0x00007fe80a02a800  745       3       java.lang.Class::checkInitted (19 bytes)
Event: 2.932 Thread 0x00007fe80a02a800 nmethod 745 0x0000000113a08390 code [0x0000000113a08520, 0x0000000113a087e8]
Event: 2.941 Thread 0x00007fe80a02a800  746       3       sun.reflect.ClassFileAssembler::emitShort (24 bytes)
Event: 2.942 Thread 0x00007fe80a02a800 nmethod 746 0x0000000113a0c990 code [0x0000000113a0cb20, 0x0000000113a0ce58]

GC Heap History (2 events):
Event: 2.869 GC heap before
{Heap before GC invocations=1 (full 0):
 PSYoungGen      total 38400K, used 33280K [0x0000000795580000, 0x0000000798000000, 0x00000007c0000000)
  eden space 33280K, 100% used [0x0000000795580000,0x0000000797600000,0x0000000797600000)
  from space 5120K, 0% used [0x0000000797b00000,0x0000000797b00000,0x0000000798000000)
  to   space 5120K, 0% used [0x0000000797600000,0x0000000797600000,0x0000000797b00000)
 ParOldGen       total 87552K, used 0K [0x0000000740000000, 0x0000000745580000, 0x0000000795580000)
  object space 87552K, 0% used [0x0000000740000000,0x0000000740000000,0x0000000745580000)
 Metaspace       used 9264K, capacity 9408K, committed 9600K, reserved 1058816K
  class space    used 1052K, capacity 1114K, committed 1152K, reserved 1048576K
Event: 2.879 GC heap after
Heap after GC invocations=1 (full 0):
 PSYoungGen      total 38400K, used 5115K [0x0000000795580000, 0x0000000798000000, 0x00000007c0000000)
  eden space 33280K, 0% used [0x0000000795580000,0x0000000795580000,0x0000000797600000)
  from space 5120K, 99% used [0x0000000797600000,0x0000000797afefa8,0x0000000797b00000)
  to   space 5120K, 0% used [0x0000000797b00000,0x0000000797b00000,0x0000000798000000)
 ParOldGen       total 87552K, used 8683K [0x0000000740000000, 0x0000000745580000, 0x0000000795580000)
  object space 87552K, 9% used [0x0000000740000000,0x000000074087aed0,0x0000000745580000)
 Metaspace       used 9264K, capacity 9408K, committed 9600K, reserved 1058816K
  class space    used 1052K, capacity 1114K, committed 1152K, reserved 1048576K
}

Deoptimization events (3 events):
Event: 2.712 Thread 0x00007fe80a803000 Uncommon trap: reason=unstable_if action=reinterpret pc=0x000000011395d9b0 method=java.util.HashMap.getNode(ILjava/lang/Object;)Ljava/util/HashMap$Node; @ 129
Event: 2.712 Thread 0x00007fe80a803000 Uncommon trap: reason=unstable_if action=reinterpret pc=0x000000011395e384 method=java.util.HashMap.getNode(ILjava/lang/Object;)Ljava/util/HashMap$Node; @ 129
Event: 2.926 Thread 0x00007fe80a803000 Uncommon trap: reason=unstable_if action=reinterpret pc=0x0000000113a08168 method=java.lang.Math.min(JJ)J @ 3

Internal exceptions (10 events):
Event: 0.118 Thread 0x00007fe80a803000 Exception <a 'java/security/PrivilegedActionException'> (0x0000000795773048) thrown at [/Users/java_re/workspace/8-2-build-macosx-x86_64/jdk8u151/9699/hotspot/src/share/vm/prims/jvm.cpp, line 1390]
Event: 0.144 Thread 0x00007fe80a803000 Exception <a 'java/security/PrivilegedActionException'> (0x0000000795813c70) thrown at [/Users/java_re/workspace/8-2-build-macosx-x86_64/jdk8u151/9699/hotspot/src/share/vm/prims/jvm.cpp, line 1390]
Event: 0.144 Thread 0x00007fe80a803000 Exception <a 'java/security/PrivilegedActionException'> (0x0000000795813e80) thrown at [/Users/java_re/workspace/8-2-build-macosx-x86_64/jdk8u151/9699/hotspot/src/share/vm/prims/jvm.cpp, line 1390]
Event: 0.145 Thread 0x00007fe80a803000 Exception <a 'java/security/PrivilegedActionException'> (0x00000007958171b0) thrown at [/Users/java_re/workspace/8-2-build-macosx-x86_64/jdk8u151/9699/hotspot/src/share/vm/prims/jvm.cpp, line 1390]
Event: 0.145 Thread 0x00007fe80a803000 Exception <a 'java/security/PrivilegedActionException'> (0x00000007958173c0) thrown at [/Users/java_re/workspace/8-2-build-macosx-x86_64/jdk8u151/9699/hotspot/src/share/vm/prims/jvm.cpp, line 1390]
Event: 0.167 Thread 0x00007fe80a803000 Exception <a 'java/io/FileNotFoundException'> (0x00000007959a8800) thrown at [/Users/java_re/workspace/8-2-build-macosx-x86_64/jdk8u151/9699/hotspot/src/share/vm/prims/jni.cpp, line 709]
Event: 0.247 Thread 0x00007fe80a803000 Exception <a 'java/lang/NoSuchFieldError': method resolution failed> (0x0000000795c37b68) thrown at [/Users/java_re/workspace/8-2-build-macosx-x86_64/jdk8u151/9699/hotspot/src/share/vm/prims/methodHandles.cpp, line 1146]
Event: 0.249 Thread 0x00007fe80a803000 Exception <a 'java/lang/NoSuchFieldError': method resolution failed> (0x0000000795c45258) thrown at [/Users/java_re/workspace/8-2-build-macosx-x86_64/jdk8u151/9699/hotspot/src/share/vm/prims/methodHandles.cpp, line 1146]
Event: 2.530 Thread 0x00007fe80a803000 Exception <a 'java/io/FileNotFoundException'> (0x0000000795cbd958) thrown at [/Users/java_re/workspace/8-2-build-macosx-x86_64/jdk8u151/9699/hotspot/src/share/vm/prims/jni.cpp, line 709]
Event: 2.530 Thread 0x00007fe80a803000 Exception <a 'java/io/FileNotFoundException'> (0x0000000795cbe4b0) thrown at [/Users/java_re/workspace/8-2-build-macosx-x86_64/jdk8u151/9699/hotspot/src/share/vm/prims/jni.cpp, line 709]

Events (10 events):
Event: 2.903 loading class com/github/jaiimageio/plugins/tiff/GeoTIFFTagSet$GeoAsciiParams done
Event: 2.926 Thread 0x00007fe80a803000 Uncommon trap: trap_request=0xffffff65 fr.pc=0x0000000113a08168
Event: 2.926 Thread 0x00007fe80a803000 DEOPT PACKING pc=0x0000000113a08168 sp=0x00007000057c74a0
Event: 2.926 Thread 0x00007fe80a803000 DEOPT UNPACKING pc=0x0000000113708229 sp=0x00007000057c7468 mode 2
Event: 2.931 loading class java/nio/DirectByteBuffer$Deallocator
Event: 2.931 loading class java/nio/DirectByteBuffer$Deallocator done
Event: 2.931 loading class java/lang/StrictMath
Event: 2.931 loading class java/lang/StrictMath done
Event: 2.932 loading class com/sun/jna/Native$Buffers
Event: 2.932 loading class com/sun/jna/Native$Buffers done


Dynamic libraries:
0x0000000016605000 	/System/Library/Frameworks/Cocoa.framework/Versions/A/Cocoa
0x0000000016605000 	/System/Library/Frameworks/Security.framework/Versions/A/Security
0x0000000016605000 	/System/Library/Frameworks/ApplicationServices.framework/Versions/A/ApplicationServices
0x0000000016605000 	/usr/lib/libz.1.dylib
0x0000000016605000 	/usr/lib/libSystem.B.dylib
0x0000000016605000 	/usr/lib/libobjc.A.dylib
0x0000000016605000 	/System/Library/Frameworks/CoreFoundation.framework/Versions/A/CoreFoundation
0x0000000016605000 	/System/Library/Frameworks/Foundation.framework/Versions/C/Foundation
0x0000000016605000 	/System/Library/Frameworks/AppKit.framework/Versions/C/AppKit
0x0000000016605000 	/System/Library/Frameworks/CoreData.framework/Versions/A/CoreData
0x0000000016605000 	/System/Library/PrivateFrameworks/RemoteViewServices.framework/Versions/A/RemoteViewServices
0x0000000016605000 	/System/Library/PrivateFrameworks/UIFoundation.framework/Versions/A/UIFoundation
0x0000000016605000 	/System/Library/PrivateFrameworks/XCTTargetBootstrap.framework/Versions/A/XCTTargetBootstrap
0x0000000016605000 	/System/Library/PrivateFrameworks/IconServices.framework/Versions/A/IconServices
0x0000000016605000 	/System/Library/Frameworks/Metal.framework/Versions/A/Metal
0x0000000016605000 	/System/Library/PrivateFrameworks/DesktopServicesPriv.framework/Versions/A/DesktopServicesPriv
0x0000000016605000 	/usr/lib/libenergytrace.dylib
0x0000000016605000 	/System/Library/PrivateFrameworks/SkyLight.framework/Versions/A/SkyLight
0x0000000016605000 	/System/Library/Frameworks/CoreGraphics.framework/Versions/A/CoreGraphics
0x0000000016605000 	/System/Library/Frameworks/Accelerate.framework/Versions/A/Accelerate
0x0000000016605000 	/System/Library/Frameworks/IOSurface.framework/Versions/A/IOSurface
0x0000000016605000 	/System/Library/PrivateFrameworks/DFRFoundation.framework/Versions/A/DFRFoundation
0x0000000016605000 	/System/Library/Frameworks/AudioToolbox.framework/Versions/A/AudioToolbox
0x0000000016605000 	/System/Library/Frameworks/AudioUnit.framework/Versions/A/AudioUnit
0x0000000016605000 	/System/Library/PrivateFrameworks/DataDetectorsCore.framework/Versions/A/DataDetectorsCore
0x0000000016605000 	/System/Library/Frameworks/Carbon.framework/Versions/A/Frameworks/HIToolbox.framework/Versions/A/HIToolbox
0x0000000016605000 	/usr/lib/libicucore.A.dylib
0x0000000016605000 	/System/Library/Frameworks/QuartzCore.framework/Versions/A/QuartzCore
0x0000000016605000 	/System/Library/Frameworks/Carbon.framework/Versions/A/Frameworks/SpeechRecognition.framework/Versions/A/SpeechRecognition
0x0000000016605000 	/usr/lib/libauto.dylib
0x0000000016605000 	/usr/lib/libxml2.2.dylib
0x0000000016605000 	/System/Library/PrivateFrameworks/CoreUI.framework/Versions/A/CoreUI
0x0000000016605000 	/System/Library/Frameworks/CoreAudio.framework/Versions/A/CoreAudio
0x0000000016605000 	/System/Library/Frameworks/DiskArbitration.framework/Versions/A/DiskArbitration
0x0000000016605000 	/usr/lib/liblangid.dylib
0x0000000016605000 	/System/Library/PrivateFrameworks/MultitouchSupport.framework/Versions/A/MultitouchSupport
0x0000000016605000 	/System/Library/Frameworks/IOKit.framework/Versions/A/IOKit
0x0000000016605000 	/usr/lib/libDiagnosticMessagesClient.dylib
0x0000000016605000 	/System/Library/Frameworks/CoreServices.framework/Versions/A/CoreServices
0x0000000016605000 	/System/Library/PrivateFrameworks/PerformanceAnalysis.framework/Versions/A/PerformanceAnalysis
0x0000000016605000 	/System/Library/Frameworks/OpenGL.framework/Versions/A/OpenGL
0x0000000016605000 	/System/Library/Frameworks/ColorSync.framework/Versions/A/ColorSync
0x0000000016605000 	/System/Library/Frameworks/CoreImage.framework/Versions/A/CoreImage
0x0000000016605000 	/System/Library/Frameworks/CoreText.framework/Versions/A/CoreText
0x0000000016605000 	/System/Library/Frameworks/ImageIO.framework/Versions/A/ImageIO
0x0000000016605000 	/System/Library/PrivateFrameworks/Backup.framework/Versions/A/Backup
0x0000000016605000 	/usr/lib/libarchive.2.dylib
0x0000000016605000 	/System/Library/Frameworks/CFNetwork.framework/Versions/A/CFNetwork
0x0000000016605000 	/System/Library/Frameworks/SystemConfiguration.framework/Versions/A/SystemConfiguration
0x0000000016605000 	/usr/lib/libCRFSuite.dylib
0x0000000016605000 	/usr/lib/libc++.1.dylib
0x0000000016605000 	/usr/lib/libc++abi.dylib
0x0000000016605000 	/usr/lib/system/libcache.dylib
0x0000000016605000 	/usr/lib/system/libcommonCrypto.dylib
0x0000000016605000 	/usr/lib/system/libcompiler_rt.dylib
0x0000000016605000 	/usr/lib/system/libcopyfile.dylib
0x0000000016605000 	/usr/lib/system/libcorecrypto.dylib
0x0000000016605000 	/usr/lib/system/libdispatch.dylib
0x0000000016605000 	/usr/lib/system/libdyld.dylib
0x0000000016605000 	/usr/lib/system/libkeymgr.dylib
0x0000000016605000 	/usr/lib/system/liblaunch.dylib
0x0000000016605000 	/usr/lib/system/libmacho.dylib
0x0000000016605000 	/usr/lib/system/libquarantine.dylib
0x0000000016605000 	/usr/lib/system/libremovefile.dylib
0x0000000016605000 	/usr/lib/system/libsystem_asl.dylib
0x0000000016605000 	/usr/lib/system/libsystem_blocks.dylib
0x0000000016605000 	/usr/lib/system/libsystem_c.dylib
0x0000000016605000 	/usr/lib/system/libsystem_configuration.dylib
0x0000000016605000 	/usr/lib/system/libsystem_coreservices.dylib
0x0000000016605000 	/usr/lib/system/libsystem_darwin.dylib
0x0000000016605000 	/usr/lib/system/libsystem_dnssd.dylib
0x0000000016605000 	/usr/lib/system/libsystem_info.dylib
0x0000000016605000 	/usr/lib/system/libsystem_m.dylib
0x0000000016605000 	/usr/lib/system/libsystem_malloc.dylib
0x0000000016605000 	/usr/lib/system/libsystem_networkextension.dylib
0x0000000016605000 	/usr/lib/system/libsystem_notify.dylib
0x0000000016605000 	/usr/lib/system/libsystem_sandbox.dylib
0x0000000016605000 	/usr/lib/system/libsystem_secinit.dylib
0x0000000016605000 	/usr/lib/system/libsystem_kernel.dylib
0x0000000016605000 	/usr/lib/system/libsystem_platform.dylib
0x0000000016605000 	/usr/lib/system/libsystem_pthread.dylib
0x0000000016605000 	/usr/lib/system/libsystem_symptoms.dylib
0x0000000016605000 	/usr/lib/system/libsystem_trace.dylib
0x0000000016605000 	/usr/lib/system/libunwind.dylib
0x0000000016605000 	/usr/lib/system/libxpc.dylib
0x0000000016605000 	/usr/lib/libbsm.0.dylib
0x0000000016605000 	/usr/lib/system/libkxld.dylib
0x0000000016605000 	/System/Library/PrivateFrameworks/AppleFSCompression.framework/Versions/A/AppleFSCompression
0x0000000016605000 	/usr/lib/libOpenScriptingUtil.dylib
0x0000000016605000 	/usr/lib/libcoretls.dylib
0x0000000016605000 	/usr/lib/libcoretls_cfhelpers.dylib
0x0000000016605000 	/usr/lib/libpam.2.dylib
0x0000000016605000 	/usr/lib/libsqlite3.dylib
0x0000000016605000 	/usr/lib/libxar.1.dylib
0x0000000016605000 	/usr/lib/libbz2.1.0.dylib
0x0000000016605000 	/usr/lib/liblzma.5.dylib
0x0000000016605000 	/usr/lib/libnetwork.dylib
0x0000000016605000 	/usr/lib/libapple_nghttp2.dylib
0x0000000016605000 	/usr/lib/libpcap.A.dylib
0x0000000016605000 	/System/Library/Frameworks/CoreServices.framework/Versions/A/Frameworks/FSEvents.framework/Versions/A/FSEvents
0x0000000016605000 	/System/Library/Frameworks/CoreServices.framework/Versions/A/Frameworks/CarbonCore.framework/Versions/A/CarbonCore
0x0000000016605000 	/System/Library/Frameworks/CoreServices.framework/Versions/A/Frameworks/Metadata.framework/Versions/A/Metadata
0x0000000016605000 	/System/Library/Frameworks/CoreServices.framework/Versions/A/Frameworks/OSServices.framework/Versions/A/OSServices
0x0000000016605000 	/System/Library/Frameworks/CoreServices.framework/Versions/A/Frameworks/SearchKit.framework/Versions/A/SearchKit
0x0000000016605000 	/System/Library/Frameworks/CoreServices.framework/Versions/A/Frameworks/AE.framework/Versions/A/AE
0x0000000016605000 	/System/Library/Frameworks/CoreServices.framework/Versions/A/Frameworks/LaunchServices.framework/Versions/A/LaunchServices
0x0000000016605000 	/System/Library/Frameworks/CoreServices.framework/Versions/A/Frameworks/DictionaryServices.framework/Versions/A/DictionaryServices
0x0000000016605000 	/System/Library/Frameworks/CoreServices.framework/Versions/A/Frameworks/SharedFileList.framework/Versions/A/SharedFileList
0x0000000016605000 	/System/Library/Frameworks/NetFS.framework/Versions/A/NetFS
0x0000000016605000 	/System/Library/PrivateFrameworks/NetAuth.framework/Versions/A/NetAuth
0x0000000016605000 	/System/Library/PrivateFrameworks/login.framework/Versions/A/Frameworks/loginsupport.framework/Versions/A/loginsupport
0x0000000016605000 	/System/Library/PrivateFrameworks/TCC.framework/Versions/A/TCC
0x0000000016605000 	/System/Library/PrivateFrameworks/CoreNLP.framework/Versions/A/CoreNLP
0x0000000016605000 	/System/Library/PrivateFrameworks/MetadataUtilities.framework/Versions/A/MetadataUtilities
0x0000000016605000 	/usr/lib/libmecabra.dylib
0x0000000016605000 	/System/Library/Frameworks/ApplicationServices.framework/Versions/A/Frameworks/ATS.framework/Versions/A/ATS
0x0000000016605000 	/System/Library/Frameworks/ApplicationServices.framework/Versions/A/Frameworks/ColorSyncLegacy.framework/Versions/A/ColorSyncLegacy
0x0000000016605000 	/System/Library/Frameworks/ApplicationServices.framework/Versions/A/Frameworks/HIServices.framework/Versions/A/HIServices
0x0000000016605000 	/System/Library/Frameworks/ApplicationServices.framework/Versions/A/Frameworks/LangAnalysis.framework/Versions/A/LangAnalysis
0x0000000016605000 	/System/Library/Frameworks/ApplicationServices.framework/Versions/A/Frameworks/PrintCore.framework/Versions/A/PrintCore
0x0000000016605000 	/System/Library/Frameworks/ApplicationServices.framework/Versions/A/Frameworks/QD.framework/Versions/A/QD
0x0000000016605000 	/System/Library/Frameworks/ApplicationServices.framework/Versions/A/Frameworks/SpeechSynthesis.framework/Versions/A/SpeechSynthesis
0x0000000016605000 	/usr/lib/libcompression.dylib
0x0000000016605000 	/System/Library/Frameworks/CoreDisplay.framework/Versions/A/CoreDisplay
0x0000000016605000 	/System/Library/Frameworks/MetalPerformanceShaders.framework/Versions/A/MetalPerformanceShaders
0x0000000016605000 	/System/Library/Frameworks/Accelerate.framework/Versions/A/Frameworks/vImage.framework/Versions/A/vImage
0x0000000016605000 	/System/Library/Frameworks/Accelerate.framework/Versions/A/Frameworks/vecLib.framework/Versions/A/vecLib
0x0000000016605000 	/System/Library/Frameworks/Accelerate.framework/Versions/A/Frameworks/vecLib.framework/Versions/A/libvMisc.dylib
0x0000000016605000 	/System/Library/Frameworks/Accelerate.framework/Versions/A/Frameworks/vecLib.framework/Versions/A/libvDSP.dylib
0x0000000016605000 	/System/Library/Frameworks/Accelerate.framework/Versions/A/Frameworks/vecLib.framework/Versions/A/libBLAS.dylib
0x0000000016605000 	/System/Library/Frameworks/Accelerate.framework/Versions/A/Frameworks/vecLib.framework/Versions/A/libLAPACK.dylib
0x0000000016605000 	/System/Library/Frameworks/Accelerate.framework/Versions/A/Frameworks/vecLib.framework/Versions/A/libLinearAlgebra.dylib
0x0000000016605000 	/System/Library/Frameworks/Accelerate.framework/Versions/A/Frameworks/vecLib.framework/Versions/A/libSparseBLAS.dylib
0x0000000016605000 	/System/Library/Frameworks/Accelerate.framework/Versions/A/Frameworks/vecLib.framework/Versions/A/libQuadrature.dylib
0x0000000016605000 	/System/Library/Frameworks/Accelerate.framework/Versions/A/Frameworks/vecLib.framework/Versions/A/libBNNS.dylib
0x0000000016605000 	/System/Library/Frameworks/Accelerate.framework/Versions/A/Frameworks/vecLib.framework/Versions/A/libSparse.dylib
0x0000000016605000 	/System/Library/PrivateFrameworks/GPUWrangler.framework/Versions/A/GPUWrangler
0x0000000016605000 	/System/Library/PrivateFrameworks/IOAccelerator.framework/Versions/A/IOAccelerator
0x0000000016605000 	/System/Library/PrivateFrameworks/IOPresentment.framework/Versions/A/IOPresentment
0x0000000016605000 	/System/Library/PrivateFrameworks/DSExternalDisplay.framework/Versions/A/DSExternalDisplay
0x0000000016605000 	/System/Library/Frameworks/OpenGL.framework/Versions/A/Libraries/libCoreFSCache.dylib
0x0000000016605000 	/System/Library/Frameworks/MetalPerformanceShaders.framework/Frameworks/MPSCore.framework/Versions/A/MPSCore
0x0000000016605000 	/System/Library/Frameworks/MetalPerformanceShaders.framework/Frameworks/MPSImage.framework/Versions/A/MPSImage
0x0000000016605000 	/System/Library/Frameworks/MetalPerformanceShaders.framework/Frameworks/MPSNeuralNetwork.framework/Versions/A/MPSNeuralNetwork
0x0000000016605000 	/System/Library/Frameworks/MetalPerformanceShaders.framework/Frameworks/MPSMatrix.framework/Versions/A/MPSMatrix
0x0000000016605000 	/System/Library/Frameworks/MetalPerformanceShaders.framework/Frameworks/MPSRayIntersector.framework/Versions/A/MPSRayIntersector
0x0000000016605000 	/System/Library/PrivateFrameworks/MetalTools.framework/Versions/A/MetalTools
0x0000000016605000 	/System/Library/PrivateFrameworks/AggregateDictionary.framework/Versions/A/AggregateDictionary
0x0000000016605000 	/usr/lib/libMobileGestalt.dylib
0x0000000016605000 	/System/Library/Frameworks/CoreVideo.framework/Versions/A/CoreVideo
0x0000000016605000 	/System/Library/PrivateFrameworks/GraphVisualizer.framework/Versions/A/GraphVisualizer
0x0000000016605000 	/System/Library/PrivateFrameworks/FaceCore.framework/Versions/A/FaceCore
0x0000000016605000 	/System/Library/Frameworks/OpenCL.framework/Versions/A/OpenCL
0x0000000016605000 	/usr/lib/libFosl_dynamic.dylib
0x0000000016605000 	/System/Library/PrivateFrameworks/OTSVG.framework/Versions/A/OTSVG
0x0000000016605000 	/System/Library/Frameworks/ApplicationServices.framework/Versions/A/Frameworks/ATS.framework/Versions/A/Resources/libFontParser.dylib
0x0000000016605000 	/System/Library/Frameworks/ApplicationServices.framework/Versions/A/Frameworks/ATS.framework/Versions/A/Resources/libFontRegistry.dylib
0x0000000016605000 	/System/Library/Frameworks/ImageIO.framework/Versions/A/Resources/libJPEG.dylib
0x0000000016605000 	/System/Library/Frameworks/ImageIO.framework/Versions/A/Resources/libTIFF.dylib
0x0000000016605000 	/System/Library/Frameworks/ImageIO.framework/Versions/A/Resources/libPng.dylib
0x0000000016605000 	/System/Library/Frameworks/ImageIO.framework/Versions/A/Resources/libGIF.dylib
0x0000000016605000 	/System/Library/Frameworks/ImageIO.framework/Versions/A/Resources/libJP2.dylib
0x0000000016605000 	/System/Library/Frameworks/ImageIO.framework/Versions/A/Resources/libRadiance.dylib
0x0000000016605000 	/System/Library/PrivateFrameworks/AppleJPEG.framework/Versions/A/AppleJPEG
0x0000000016605000 	/System/Library/Frameworks/OpenGL.framework/Versions/A/Libraries/libGFXShared.dylib
0x0000000016605000 	/System/Library/Frameworks/OpenGL.framework/Versions/A/Libraries/libGLU.dylib
0x0000000016605000 	/System/Library/Frameworks/OpenGL.framework/Versions/A/Libraries/libGL.dylib
0x0000000016605000 	/System/Library/Frameworks/OpenGL.framework/Versions/A/Libraries/libGLImage.dylib
0x0000000016605000 	/System/Library/Frameworks/OpenGL.framework/Versions/A/Libraries/libCVMSPluginSupport.dylib
0x0000000016605000 	/System/Library/Frameworks/OpenGL.framework/Versions/A/Libraries/libCoreVMClient.dylib
0x0000000016605000 	/usr/lib/libcups.2.dylib
0x0000000016605000 	/System/Library/Frameworks/Kerberos.framework/Versions/A/Kerberos
0x0000000016605000 	/System/Library/Frameworks/GSS.framework/Versions/A/GSS
0x0000000016605000 	/usr/lib/libresolv.9.dylib
0x0000000016605000 	/usr/lib/libiconv.2.dylib
0x0000000016605000 	/System/Library/PrivateFrameworks/Heimdal.framework/Versions/A/Heimdal
0x0000000016605000 	/usr/lib/libheimdal-asn1.dylib
0x0000000016605000 	/System/Library/Frameworks/OpenDirectory.framework/Versions/A/OpenDirectory
0x0000000016605000 	/System/Library/PrivateFrameworks/CommonAuth.framework/Versions/A/CommonAuth
0x0000000016605000 	/System/Library/Frameworks/OpenDirectory.framework/Versions/A/Frameworks/CFOpenDirectory.framework/Versions/A/CFOpenDirectory
0x0000000016605000 	/System/Library/Frameworks/SecurityFoundation.framework/Versions/A/SecurityFoundation
0x0000000016605000 	/System/Library/PrivateFrameworks/APFS.framework/Versions/A/APFS
0x0000000016605000 	/usr/lib/libutil.dylib
0x0000000016605000 	/usr/lib/libcharset.1.dylib
0x0000000016605000 	/System/Library/PrivateFrameworks/AppleSauce.framework/Versions/A/AppleSauce
0x0000000016605000 	/System/Library/PrivateFrameworks/AssertionServices.framework/Versions/A/AssertionServices
0x0000000016605000 	/System/Library/PrivateFrameworks/BaseBoard.framework/Versions/A/BaseBoard
0x0000000016605000 	/usr/lib/libmecab.1.0.0.dylib
0x0000000016605000 	/usr/lib/libgermantok.dylib
0x0000000016605000 	/usr/lib/libThaiTokenizer.dylib
0x0000000016605000 	/usr/lib/libChineseTokenizer.dylib
0x0000000016605000 	/System/Library/PrivateFrameworks/LanguageModeling.framework/Versions/A/LanguageModeling
0x0000000016605000 	/System/Library/PrivateFrameworks/CoreEmoji.framework/Versions/A/CoreEmoji
0x0000000016605000 	/System/Library/PrivateFrameworks/Lexicon.framework/Versions/A/Lexicon
0x0000000016605000 	/System/Library/PrivateFrameworks/LinguisticData.framework/Versions/A/LinguisticData
0x0000000016605000 	/usr/lib/libcmph.dylib
0x0000000016605000 	/System/Library/Frameworks/ServiceManagement.framework/Versions/A/ServiceManagement
0x0000000016605000 	/System/Library/PrivateFrameworks/BackgroundTaskManagement.framework/Versions/A/BackgroundTaskManagement
0x0000000016605000 	/usr/lib/libxslt.1.dylib
0x0000000016605000 	/System/Library/Frameworks/Carbon.framework/Versions/A/Frameworks/Ink.framework/Versions/A/Ink
0x0000000016605000 	/System/Library/PrivateFrameworks/TextureIO.framework/Versions/A/TextureIO
0x0000000016605000 	/usr/lib/libate.dylib
0x0000000016605000 	/System/Library/PrivateFrameworks/CrashReporterSupport.framework/Versions/A/CrashReporterSupport
0x0000000016605000 	/System/Library/PrivateFrameworks/Sharing.framework/Versions/A/Sharing
0x0000000016605000 	/System/Library/PrivateFrameworks/AuthKit.framework/Versions/A/AuthKit
0x0000000016605000 	/System/Library/PrivateFrameworks/Apple80211.framework/Versions/A/Apple80211
0x0000000016605000 	/System/Library/PrivateFrameworks/CoreUtils.framework/Versions/A/CoreUtils
0x0000000016605000 	/System/Library/Frameworks/CoreWLAN.framework/Versions/A/CoreWLAN
0x0000000016605000 	/System/Library/Frameworks/IOBluetooth.framework/Versions/A/IOBluetooth
0x0000000016605000 	/System/Library/PrivateFrameworks/ProtocolBuffer.framework/Versions/A/ProtocolBuffer
0x0000000016605000 	/System/Library/PrivateFrameworks/MobileKeyBag.framework/Versions/A/MobileKeyBag
0x0000000016605000 	/System/Library/PrivateFrameworks/CorePhoneNumbers.framework/Versions/A/CorePhoneNumbers
0x0000000016605000 	/System/Library/PrivateFrameworks/AppleIDAuthSupport.framework/Versions/A/AppleIDAuthSupport
0x0000000016605000 	/System/Library/PrivateFrameworks/KeychainCircle.framework/Versions/A/KeychainCircle
0x0000000016605000 	/System/Library/PrivateFrameworks/ROCKit.framework/Versions/A/ROCKit
0x0000000016605000 	/System/Library/PrivateFrameworks/CoreWiFi.framework/Versions/A/CoreWiFi
0x0000000016605000 	/System/Library/Frameworks/CoreBluetooth.framework/Versions/A/CoreBluetooth
0x0000000016605000 	/System/Library/PrivateFrameworks/DebugSymbols.framework/Versions/A/DebugSymbols
0x0000000016605000 	/System/Library/PrivateFrameworks/CoreSymbolication.framework/Versions/A/CoreSymbolication
0x0000000016605000 	/System/Library/PrivateFrameworks/Symbolication.framework/Versions/A/Symbolication
0x0000000016605000 	/System/Library/PrivateFrameworks/SpeechRecognitionCore.framework/Versions/A/SpeechRecognitionCore
0x000000010ee00000 	/Library/Java/JavaVirtualMachines/jdk1.8.0_151.jdk/Contents/Home/jre/lib/server/libjvm.dylib
0x0000000016605000 	/usr/lib/libstdc++.6.dylib
0x000000010e4f9000 	/Library/Java/JavaVirtualMachines/jdk1.8.0_151.jdk/Contents/Home/jre/lib/libverify.dylib
0x000000010e507000 	/Library/Java/JavaVirtualMachines/jdk1.8.0_151.jdk/Contents/Home/jre/lib/libjava.dylib
0x000000010e586000 	/Library/Java/JavaVirtualMachines/jdk1.8.0_151.jdk/Contents/Home/jre/lib/libzip.dylib
0x0000000016605000 	/System/Library/Frameworks/JavaVM.framework/Versions/A/Frameworks/JavaRuntimeSupport.framework/Versions/A/JavaRuntimeSupport
0x0000000016605000 	/System/Library/Frameworks/JavaVM.framework/Versions/A/Frameworks/JavaNativeFoundation.framework/Versions/A/JavaNativeFoundation
0x0000000016605000 	/System/Library/Frameworks/JavaVM.framework/Versions/A/JavaVM
0x0000000016605000 	/System/Library/Frameworks/Carbon.framework/Versions/A/Carbon
0x0000000016605000 	/System/Library/PrivateFrameworks/JavaLaunching.framework/Versions/A/JavaLaunching
0x0000000016605000 	/System/Library/Frameworks/Carbon.framework/Versions/A/Frameworks/CommonPanels.framework/Versions/A/CommonPanels
0x0000000016605000 	/System/Library/Frameworks/Carbon.framework/Versions/A/Frameworks/Help.framework/Versions/A/Help
0x0000000016605000 	/System/Library/Frameworks/Carbon.framework/Versions/A/Frameworks/ImageCapture.framework/Versions/A/ImageCapture
0x0000000016605000 	/System/Library/Frameworks/Carbon.framework/Versions/A/Frameworks/OpenScripting.framework/Versions/A/OpenScripting
0x0000000016605000 	/System/Library/Frameworks/Carbon.framework/Versions/A/Frameworks/Print.framework/Versions/A/Print
0x0000000016605000 	/System/Library/Frameworks/Carbon.framework/Versions/A/Frameworks/SecurityHI.framework/Versions/A/SecurityHI
0x00000001129be000 	/Library/Java/JavaVirtualMachines/jdk1.8.0_151.jdk/Contents/Home/jre/lib/libawt.dylib
0x0000000112a66000 	/Library/Java/JavaVirtualMachines/jdk1.8.0_151.jdk/Contents/Home/jre/lib/./libmlib_image.dylib
0x0000000112b32000 	/Library/Java/JavaVirtualMachines/jdk1.8.0_151.jdk/Contents/Home/jre/lib/libawt_lwawt.dylib
0x0000000112be9000 	/Library/Java/JavaVirtualMachines/jdk1.8.0_151.jdk/Contents/Home/jre/lib/./libosxapp.dylib
0x0000000016605000 	/System/Library/Frameworks/ExceptionHandling.framework/Versions/A/ExceptionHandling
0x0000000016605000 	/System/Library/PrivateFrameworks/CoreServicesInternal.framework/Versions/A/CoreServicesInternal
0x0000000016605000 	/System/Library/CoreServices/RawCamera.bundle/Contents/MacOS/RawCamera
0x0000000016605000 	/System/Library/PrivateFrameworks/MobileAsset.framework/Versions/A/MobileAsset
0x0000000016605000 	/System/Library/PrivateFrameworks/StreamingZip.framework/Versions/A/StreamingZip
0x0000000016605000 	/System/Library/Frameworks/MediaToolbox.framework/Versions/A/MediaToolbox
0x0000000016605000 	/System/Library/PrivateFrameworks/CoreAVCHD.framework/Versions/A/CoreAVCHD
0x0000000016605000 	/System/Library/Frameworks/MediaAccessibility.framework/Versions/A/MediaAccessibility
0x0000000016605000 	/System/Library/PrivateFrameworks/Mangrove.framework/Versions/A/Mangrove
0x0000000016605000 	/System/Library/Frameworks/CoreMedia.framework/Versions/A/CoreMedia
0x0000000016605000 	/System/Library/Frameworks/VideoToolbox.framework/Versions/A/VideoToolbox
0x0000000016605000 	/System/Library/PrivateFrameworks/CoreAUC.framework/Versions/A/CoreAUC
0x0000000016605000 	/usr/lib/libspindump.dylib
0x0000000016605000 	/System/Library/PrivateFrameworks/AppleVA.framework/Versions/A/AppleVA
0x0000000016605000 	/System/Library/Frameworks/Accelerate.framework/Versions/A/Frameworks/vImage.framework/Versions/A/Libraries/libCGInterfaces.dylib
0x0000000016605000 	/System/Library/Frameworks/ApplicationServices.framework/Versions/A/Frameworks/ATS.framework/Versions/A/Resources/libTrueTypeScaler.dylib
0x0000000016605000 	/System/Library/Extensions/AppleIntelKBLGraphicsMTLDriver.bundle/Contents/MacOS/AppleIntelKBLGraphicsMTLDriver
0x0000000016605000 	/System/Library/PrivateFrameworks/GPUCompiler.framework/Versions/3902/Libraries/libmetal_timestamp.dylib
0x0000000016605000 	/System/Library/PrivateFrameworks/FamilyControls.framework/Versions/A/FamilyControls
0x0000000016605000 	/System/Library/PrivateFrameworks/CommerceKit.framework/Versions/A/Frameworks/CommerceCore.framework/Versions/A/CommerceCore
0x0000000016605000 	/System/Library/PrivateFrameworks/SystemAdministration.framework/Versions/A/SystemAdministration
0x0000000016605000 	/System/Library/PrivateFrameworks/AppContainer.framework/Versions/A/AppContainer
0x0000000016605000 	/System/Library/PrivateFrameworks/AppSandbox.framework/Versions/A/AppSandbox
0x0000000016605000 	/System/Library/PrivateFrameworks/SecCodeWrapper.framework/Versions/A/SecCodeWrapper
0x0000000016605000 	/usr/lib/libsandbox.1.dylib
0x0000000016605000 	/usr/lib/libMatch.1.dylib
0x0000000016605000 	/System/Library/PrivateFrameworks/DiskManagement.framework/Versions/A/DiskManagement
0x0000000016605000 	/System/Library/Frameworks/DirectoryService.framework/Versions/A/DirectoryService
0x0000000016605000 	/System/Library/PrivateFrameworks/DiskImages.framework/Versions/A/DiskImages
0x0000000016605000 	/System/Library/PrivateFrameworks/LoginUIKit.framework/Versions/A/Frameworks/LoginUICore.framework/Versions/A/LoginUICore
0x0000000016605000 	/usr/lib/libCoreStorage.dylib
0x0000000016605000 	/usr/lib/libcsfde.dylib
0x0000000016605000 	/usr/lib/libodfde.dylib
0x0000000016605000 	/System/Library/PrivateFrameworks/MediaKit.framework/Versions/A/MediaKit
0x0000000016605000 	/System/Library/Frameworks/DiscRecording.framework/Versions/A/DiscRecording
0x0000000016605000 	/System/Library/PrivateFrameworks/EFILogin.framework/Versions/A/EFILogin
0x0000000016605000 	/System/Library/PrivateFrameworks/ProtectedCloudStorage.framework/Versions/A/ProtectedCloudStorage
0x0000000016605000 	/usr/lib/libcurl.4.dylib
0x0000000016605000 	/usr/lib/libcrypto.42.dylib
0x0000000016605000 	/usr/lib/libssl.44.dylib
0x0000000016605000 	/System/Library/Frameworks/LDAP.framework/Versions/A/LDAP
0x0000000016605000 	/System/Library/PrivateFrameworks/TrustEvaluationAgent.framework/Versions/A/TrustEvaluationAgent
0x0000000016605000 	/usr/lib/libsasl2.2.dylib
0x0000000016605000 	/System/Library/PrivateFrameworks/CoreDaemon.framework/Versions/B/CoreDaemon
0x0000000016605000 	/System/Library/PrivateFrameworks/AppleSRP.framework/Versions/A/AppleSRP
0x0000000016605000 	/System/Library/PrivateFrameworks/ViewBridge.framework/Versions/A/ViewBridge
0x00000001290bf000 	/Library/Java/JavaVirtualMachines/jdk1.8.0_151.jdk/Contents/Home/jre/lib/libjpeg.dylib
0x00000001290f2000 	/private/var/folders/fd/tgd2c9g171gb7nl7hdzc2x500000gn/T/jna--2118447455/jna6219802195198376063.tmp
0x000000012ac49000 	/usr/local/lib/libtesseract.dylib
0x000000012a68d000 	/usr/local/opt/leptonica/lib/liblept.5.dylib
0x0000000129107000 	/usr/local/opt/libpng/lib/libpng16.16.dylib
0x00000001291e0000 	/usr/local/opt/jpeg/lib/libjpeg.9.dylib
0x000000012a880000 	/usr/local/opt/libtiff/lib/libtiff.5.dylib
0x0000000129132000 	/Library/Java/JavaVirtualMachines/jdk1.8.0_151.jdk/Contents/Home/jre/lib/libnio.dylib
0x0000000129142000 	/Library/Java/JavaVirtualMachines/jdk1.8.0_151.jdk/Contents/Home/jre/lib/./libnet.dylib

VM Arguments:
jvm_args: -Djava.library.path=/usr/local/Cellar/opencv/3.4.3/share/OpenCV/java:/Users/oielbanna/Downloads/Tess4J -Dfile.encoding=UTF-8 
java_command: detector.TesseractExample
java_class_path (initial): /Library/Java/JavaVirtualMachines/jdk1.8.0_151.jdk/Contents/Home/jre/lib/resources.jar:/Library/Java/JavaVirtualMachines/jdk1.8.0_151.jdk/Contents/Home/jre/lib/rt.jar:/Library/Java/JavaVirtualMachines/jdk1.8.0_151.jdk/Contents/Home/jre/lib/jsse.jar:/Library/Java/JavaVirtualMachines/jdk1.8.0_151.jdk/Contents/Home/jre/lib/jce.jar:/Library/Java/JavaVirtualMachines/jdk1.8.0_151.jdk/Contents/Home/jre/lib/charsets.jar:/Library/Java/JavaVirtualMachines/jdk1.8.0_151.jdk/Contents/Home/jre/lib/jfr.jar:/Library/Java/JavaVirtualMachines/jdk1.8.0_151.jdk/Contents/Home/jre/lib/ext/sunec.jar:/Library/Java/JavaVirtualMachines/jdk1.8.0_151.jdk/Contents/Home/jre/lib/ext/nashorn.jar:/Library/Java/JavaVirtualMachines/jdk1.8.0_151.jdk/Contents/Home/jre/lib/ext/cldrdata.jar:/Library/Java/JavaVirtualMachines/jdk1.8.0_151.jdk/Contents/Home/jre/lib/ext/jfxrt.jar:/Library/Java/JavaVirtualMachines/jdk1.8.0_151.jdk/Contents/Home/jre/lib/ext/dnsns.jar:/Library/Java/JavaVirtualMachines/jdk1.8.0_151.jdk/Contents/Home/jre/lib/ext/localedata.jar:/Library/Java/JavaVirtualMachines/jdk1.8.0_151.jdk/Contents/Home/jre/lib/ext/sunjce_provider.jar:/Library/Java/JavaVirtualMachines/jdk1.8.0_151.jdk/Contents/Home/jre/lib/ext/sunpkcs11.jar:/Library/Java/JavaVirtualMachines/jdk1.8.0_151.jdk/Contents/Home/jre/lib/ext/jaccess.jar:/Library/Java/JavaVirtualMachines/jdk1.8.0_151.jdk/Contents/Home/jre/lib/ext/zipfs.jar:/System/Library/Java/Extensions/MRJToolkit.jar:/Users/oielbanna/git/Hotdocsss/Hotdocs/bin:/Users/oielbanna/Downloads/poi-4.0.0/poi-4.0.0.jar:/Users/oielbanna/Downloads/poi-4.0.0/poi-ooxml-4.0.0.jar:/Users/oielbanna/Downloads/poi-4.0.0/poi-ooxml-schemas-4.0.0.jar:/Users/oielbanna/Downloads/poi-4.0.0/ooxml-lib/curvesapi-1.05.jar:/Users/oielbanna/Downloads/poi-4.0.0/ooxml-lib/xmlbeans-3.0.1.jar:/Users/oielbanna/Downloads/poi-4.0.0/poi-excelant-4.0.0.jar:/Users/oielbanna/Downloads/poi-4.0.0/poi-scratchpad-4.0.0.jar:/Users/oielbanna/opencv-343.jar:/Users/oielbanna/Downloads/Te
Launcher Type: SUN_STANDARD

Environment Variables:
PATH=/usr/bin:/bin:/usr/sbin:/sbin
SHELL=/bin/bash

Signal Handlers:
SIGSEGV: [libjvm.dylib+0x5b27a5], sa_mask[0]=11111111011111110111111111111111, sa_flags=SA_ONSTACK|SA_RESTART|SA_SIGINFO
SIGBUS: [libjvm.dylib+0x5b27a5], sa_mask[0]=11111111011111110111111111111111, sa_flags=SA_RESTART|SA_SIGINFO
SIGFPE: [libjvm.dylib+0x4891c4], sa_mask[0]=11111111011111110111111111111111, sa_flags=SA_RESTART|SA_SIGINFO
SIGPIPE: [libjvm.dylib+0x4891c4], sa_mask[0]=11111111011111110111111111111111, sa_flags=SA_RESTART|SA_SIGINFO
SIGXFSZ: [libjvm.dylib+0x4891c4], sa_mask[0]=11111111011111110111111111111111, sa_flags=SA_RESTART|SA_SIGINFO
SIGILL: [libjvm.dylib+0x4891c4], sa_mask[0]=11111111011111110111111111111111, sa_flags=SA_RESTART|SA_SIGINFO
SIGUSR1: SIG_DFL, sa_mask[0]=00000000000000000000000000000000, sa_flags=none
SIGUSR2: [libjvm.dylib+0x488ce2], sa_mask[0]=00100000000000000000000000000000, sa_flags=SA_RESTART|SA_SIGINFO
SIGHUP: [libjvm.dylib+0x4872b9], sa_mask[0]=11111111011111110111111111111111, sa_flags=SA_RESTART|SA_SIGINFO
SIGINT: [libjvm.dylib+0x4872b9], sa_mask[0]=11111111011111110111111111111111, sa_flags=SA_RESTART|SA_SIGINFO
SIGTERM: [libjvm.dylib+0x4872b9], sa_mask[0]=11111111011111110111111111111111, sa_flags=SA_RESTART|SA_SIGINFO
SIGQUIT: [libjvm.dylib+0x4872b9], sa_mask[0]=11111111011111110111111111111111, sa_flags=SA_RESTART|SA_SIGINFO


---------------  S Y S T E M  ---------------

OS:Bsduname:Darwin 18.0.0 Darwin Kernel Version 18.0.0: Wed Aug 22 20:13:40 PDT 2018; root:xnu-4903.201.2~1/RELEASE_X86_64 x86_64
rlimit: STACK 8192k, CORE 0k, NPROC 709, NOFILE 10240, AS infinity
load average:1.07 1.18 1.32

CPU:total 4 (initial active 4) (2 cores per cpu, 2 threads per core) family 6 model 142 stepping 9, cmov, cx8, fxsr, mmx, sse, sse2, sse3, ssse3, sse4.1, sse4.2, popcnt, avx, avx2, aes, clmul, erms, rtm, 3dnowpref, lzcnt, ht, tsc, tscinvbit, bmi1, bmi2, adx

Memory: 4k page, physical 8388608k(20808k free)

/proc/meminfo:


vm_info: Java HotSpot(TM) 64-Bit Server VM (25.151-b12) for bsd-amd64 JRE (1.8.0_151-b12), built on Sep  5 2017 19:37:08 by "java_re" with gcc 4.2.1 (Based on Apple Inc. build 5658) (LLVM build 2336.11.00)

time: Sun Nov 18 11:11:46 2018
elapsed time: 3 seconds (0d 0h 0m 3s)

